mode: set
github.com/kubeedge/kubeedge/edge/pkg/common/cloudconnection/cloud_connection.go:44.37,48.2 3 0
github.com/kubeedge/kubeedge/edge/pkg/common/cloudconnection/cloud_connection.go:51.25,55.2 3 0
github.com/kubeedge/kubeedge/edge/pkg/common/message/message.go:31.108,34.2 2 1
github.com/kubeedge/kubeedge/edge/pkg/common/message/message.go:38.91,40.30 2 1
github.com/kubeedge/kubeedge/edge/pkg/common/message/message.go:40.30,42.3 1 1
github.com/kubeedge/kubeedge/edge/pkg/common/message/message.go:42.8,42.114 1 1
github.com/kubeedge/kubeedge/edge/pkg/common/message/message.go:42.114,44.3 1 1
github.com/kubeedge/kubeedge/edge/pkg/common/message/message.go:45.2,45.125 1 1
github.com/kubeedge/kubeedge/edge/pkg/common/message/nodetask.go:31.77,35.2 2 0
github.com/kubeedge/kubeedge/edge/pkg/common/message/nodetask.go:39.82,44.2 2 0
github.com/kubeedge/kubeedge/edge/pkg/common/util/config.go:37.90,55.16 3 0
github.com/kubeedge/kubeedge/edge/pkg/common/util/config.go:55.16,57.3 1 0
github.com/kubeedge/kubeedge/edge/pkg/common/util/config.go:58.2,62.16 4 0
github.com/kubeedge/kubeedge/edge/pkg/common/util/config.go:62.16,64.3 1 0
github.com/kubeedge/kubeedge/edge/pkg/common/util/config.go:65.2,66.16 2 0
github.com/kubeedge/kubeedge/edge/pkg/common/util/config.go:66.16,68.3 1 0
github.com/kubeedge/kubeedge/edge/pkg/common/util/config.go:69.2,74.16 4 0
github.com/kubeedge/kubeedge/edge/pkg/common/util/config.go:74.16,76.3 1 0
github.com/kubeedge/kubeedge/edge/pkg/common/util/config.go:77.2,82.59 2 0
github.com/kubeedge/kubeedge/edge/pkg/common/util/config.go:86.59,89.16 2 0
github.com/kubeedge/kubeedge/edge/pkg/common/util/config.go:89.16,91.3 1 0
github.com/kubeedge/kubeedge/edge/pkg/common/util/config.go:93.2,93.15 1 0
github.com/kubeedge/kubeedge/edge/pkg/common/util/config.go:93.15,95.17 2 0
github.com/kubeedge/kubeedge/edge/pkg/common/util/config.go:95.17,97.4 1 0
github.com/kubeedge/kubeedge/edge/pkg/common/util/config.go:100.2,100.36 1 0
github.com/kubeedge/kubeedge/edge/pkg/common/util/network_unix.go:32.55,33.16 1 1
github.com/kubeedge/kubeedge/edge/pkg/common/util/network_unix.go:33.16,35.3 1 1
github.com/kubeedge/kubeedge/edge/pkg/common/util/network_unix.go:36.2,40.24 2 1
github.com/kubeedge/kubeedge/edge/pkg/devicetwin/dmicache/dmicache.go:44.30,54.2 1 1
github.com/kubeedge/kubeedge/edge/pkg/devicetwin/dmicache/dmicache.go:57.60,61.2 3 1
github.com/kubeedge/kubeedge/edge/pkg/devicetwin/dmicache/dmicache.go:64.73,69.2 4 1
github.com/kubeedge/kubeedge/edge/pkg/devicetwin/dmicache/dmicache.go:72.53,76.2 3 1
github.com/kubeedge/kubeedge/edge/pkg/devicetwin/dmicache/dmicache.go:79.76,84.2 4 1
github.com/kubeedge/kubeedge/edge/pkg/devicetwin/dmicache/dmicache.go:87.95,93.2 5 1
github.com/kubeedge/kubeedge/edge/pkg/devicetwin/dmicache/dmicache.go:96.69,101.2 4 1
github.com/kubeedge/kubeedge/edge/pkg/devicetwin/dmicache/dmicache.go:104.61,109.2 4 1
github.com/kubeedge/kubeedge/edge/pkg/devicetwin/dmicache/dmicache.go:112.118,117.13 5 1
github.com/kubeedge/kubeedge/edge/pkg/devicetwin/dmicache/dmicache.go:117.13,119.3 1 1
github.com/kubeedge/kubeedge/edge/pkg/devicetwin/dmicache/dmicache.go:121.2,125.44 3 1
github.com/kubeedge/kubeedge/edge/pkg/devicetwin/dmicache/dmicache.go:125.44,127.3 1 1
github.com/kubeedge/kubeedge/edge/pkg/devicetwin/dmicache/dmicache.go:129.2,130.16 2 1
github.com/kubeedge/kubeedge/edge/pkg/devicetwin/dmicache/dmicache.go:130.16,132.3 1 1
github.com/kubeedge/kubeedge/edge/pkg/devicetwin/dmicache/dmicache.go:134.2,134.37 1 1
github.com/kubeedge/kubeedge/edge/pkg/devicetwin/dmicache/dmicache.go:137.48,141.44 4 1
github.com/kubeedge/kubeedge/edge/pkg/devicetwin/dmicache/dmicache.go:141.44,143.3 1 1
github.com/kubeedge/kubeedge/edge/pkg/devicetwin/dmicache/dmicache.go:144.2,144.18 1 1
github.com/kubeedge/kubeedge/edge/pkg/devicetwin/dmicache/dmicache.go:148.64,153.2 4 1
github.com/kubeedge/kubeedge/edge/pkg/devicetwin/dmicache/dmicache.go:156.84,162.28 5 1
github.com/kubeedge/kubeedge/edge/pkg/devicetwin/dmicache/dmicache.go:162.28,166.54 3 1
github.com/kubeedge/kubeedge/edge/pkg/devicetwin/dmicache/dmicache.go:166.54,168.4 1 1
github.com/kubeedge/kubeedge/edge/pkg/devicetwin/dmicache/dmicache.go:169.3,169.54 1 1
github.com/kubeedge/kubeedge/edge/pkg/devicetwin/dmicache/dmicache.go:169.54,171.4 1 1
github.com/kubeedge/kubeedge/edge/pkg/devicetwin/dmicache/dmicache.go:173.3,173.51 1 1
github.com/kubeedge/kubeedge/edge/pkg/devicetwin/dmicache/dmicache.go:173.51,175.4 1 1
github.com/kubeedge/kubeedge/edge/pkg/devicetwin/dmicache/dmicache.go:176.3,176.51 1 1
github.com/kubeedge/kubeedge/edge/pkg/devicetwin/dmicache/dmicache.go:176.51,178.4 1 1
github.com/kubeedge/kubeedge/edge/pkg/devicetwin/dmicache/dmicache.go:180.3,180.42 1 1
github.com/kubeedge/kubeedge/edge/pkg/devicetwin/dmicache/dmicache.go:180.42,184.4 3 1
github.com/kubeedge/kubeedge/edge/pkg/devicetwin/dmicache/dmicache.go:187.2,187.13 1 1
github.com/kubeedge/kubeedge/edge/pkg/devicetwin/dmicache/dmicache.go:191.127,192.39 1 1
github.com/kubeedge/kubeedge/edge/pkg/devicetwin/dmicache/dmicache.go:192.39,194.3 1 1
github.com/kubeedge/kubeedge/edge/pkg/devicetwin/dmicache/dmicache.go:197.2,201.9 5 1
github.com/kubeedge/kubeedge/edge/pkg/devicetwin/dmicache/dmicache.go:201.9,203.3 1 1
github.com/kubeedge/kubeedge/edge/pkg/devicetwin/dmicache/dmicache.go:205.2,212.40 4 1
github.com/kubeedge/kubeedge/edge/pkg/devicetwin/dmicache/dmicache.go:212.40,216.101 2 1
github.com/kubeedge/kubeedge/edge/pkg/devicetwin/dmicache/dmicache.go:216.101,218.33 1 1
github.com/kubeedge/kubeedge/edge/pkg/devicetwin/dmicache/dmicache.go:218.33,222.5 3 1
github.com/kubeedge/kubeedge/edge/pkg/devicetwin/dmicache/dmicache.go:227.2,227.50 1 1
github.com/kubeedge/kubeedge/edge/pkg/devicetwin/dmicache/dmicache.go:227.50,231.94 2 1
github.com/kubeedge/kubeedge/edge/pkg/devicetwin/dmicache/dmicache.go:231.94,233.91 1 1
github.com/kubeedge/kubeedge/edge/pkg/devicetwin/dmicache/dmicache.go:233.91,235.67 1 1
github.com/kubeedge/kubeedge/edge/pkg/devicetwin/dmicache/dmicache.go:235.67,237.6 1 1
github.com/kubeedge/kubeedge/edge/pkg/devicetwin/dmicache/dmicache.go:238.5,238.123 1 1
github.com/kubeedge/kubeedge/edge/pkg/devicetwin/dmicache/dmicache.go:239.10,243.5 2 1
github.com/kubeedge/kubeedge/edge/pkg/devicetwin/dmicache/dmicache.go:250.2,254.48 3 1
github.com/kubeedge/kubeedge/edge/pkg/devicetwin/dmicache/dmicache.go:254.48,256.3 1 1
github.com/kubeedge/kubeedge/edge/pkg/devicetwin/dmicache/dmicache.go:259.2,259.73 1 1
github.com/kubeedge/kubeedge/edge/pkg/devicetwin/dmicache/dmicache.go:259.73,260.92 1 1
github.com/kubeedge/kubeedge/edge/pkg/devicetwin/dmicache/dmicache.go:260.92,262.56 1 1
github.com/kubeedge/kubeedge/edge/pkg/devicetwin/dmicache/dmicache.go:262.56,264.5 1 1
github.com/kubeedge/kubeedge/edge/pkg/devicetwin/dmicache/dmicache.go:265.4,265.92 1 1
github.com/kubeedge/kubeedge/edge/pkg/devicetwin/dmicache/dmicache.go:266.9,270.4 2 1
github.com/kubeedge/kubeedge/edge/pkg/devicetwin/dmicache/dmicache.go:273.2,273.33 1 1
github.com/kubeedge/kubeedge/edge/pkg/devicetwin/dmicache/dmicache.go:277.96,278.28 1 1
github.com/kubeedge/kubeedge/edge/pkg/devicetwin/dmicache/dmicache.go:278.28,279.33 1 1
github.com/kubeedge/kubeedge/edge/pkg/devicetwin/dmicache/dmicache.go:279.33,281.4 1 1
github.com/kubeedge/kubeedge/edge/pkg/devicetwin/dmicache/dmicache.go:283.2,283.12 1 1
github.com/kubeedge/kubeedge/edge/pkg/devicetwin/dmicache/dmicache.go:288.47,289.25 1 1
github.com/kubeedge/kubeedge/edge/pkg/devicetwin/dmicache/dmicache.go:290.30,292.26 2 1
github.com/kubeedge/kubeedge/edge/pkg/devicetwin/dmicache/dmicache.go:292.26,294.4 1 1
github.com/kubeedge/kubeedge/edge/pkg/devicetwin/dmicache/dmicache.go:295.3,295.16 1 1
github.com/kubeedge/kubeedge/edge/pkg/devicetwin/dmicache/dmicache.go:296.21,298.26 2 1
github.com/kubeedge/kubeedge/edge/pkg/devicetwin/dmicache/dmicache.go:298.26,300.4 1 1
github.com/kubeedge/kubeedge/edge/pkg/devicetwin/dmicache/dmicache.go:301.3,301.18 1 1
github.com/kubeedge/kubeedge/edge/pkg/devicetwin/dmicache/dmicache.go:302.10,303.13 1 1
github.com/kubeedge/kubeedge/edge/pkg/devicetwin/dmicache/dmicache.go:308.85,309.16 1 1
github.com/kubeedge/kubeedge/edge/pkg/devicetwin/dmicache/dmicache.go:309.16,311.3 1 1
github.com/kubeedge/kubeedge/edge/pkg/devicetwin/dmicache/dmicache.go:312.2,313.21 2 1
github.com/kubeedge/kubeedge/edge/pkg/devicetwin/dmicache/dmicache.go:313.21,315.3 1 1
github.com/kubeedge/kubeedge/edge/pkg/devicetwin/dmicache/dmicache.go:317.2,318.35 2 1
github.com/kubeedge/kubeedge/edge/pkg/devicetwin/dmicache/dmicache.go:318.35,320.3 1 1
github.com/kubeedge/kubeedge/edge/pkg/devicetwin/dmicache/dmicache.go:321.2,321.11 1 1
github.com/kubeedge/kubeedge/edge/pkg/devicetwin/devicetwin.go:25.45,31.2 1 1
github.com/kubeedge/kubeedge/edge/pkg/devicetwin/devicetwin.go:34.65,38.2 3 0
github.com/kubeedge/kubeedge/edge/pkg/devicetwin/devicetwin.go:41.37,43.2 1 1
github.com/kubeedge/kubeedge/edge/pkg/devicetwin/devicetwin.go:46.38,48.2 1 1
github.com/kubeedge/kubeedge/edge/pkg/devicetwin/devicetwin.go:51.37,53.2 1 1
github.com/kubeedge/kubeedge/edge/pkg/devicetwin/devicetwin.go:55.65,56.66 1 0
github.com/kubeedge/kubeedge/edge/pkg/devicetwin/devicetwin.go:56.66,58.3 1 0
github.com/kubeedge/kubeedge/edge/pkg/devicetwin/devicetwin.go:59.2,62.3 1 0
github.com/kubeedge/kubeedge/edge/pkg/devicetwin/devicetwin.go:66.31,70.16 4 1
github.com/kubeedge/kubeedge/edge/pkg/devicetwin/devicetwin.go:70.16,73.3 2 0
github.com/kubeedge/kubeedge/edge/pkg/devicetwin/devicetwin.go:74.2,74.20 1 1
github.com/kubeedge/kubeedge/edge/pkg/devicetwin/process.go:37.4,39.3 1 0
github.com/kubeedge/kubeedge/edge/pkg/devicetwin/process.go:43.53,53.2 5 1
github.com/kubeedge/kubeedge/edge/pkg/devicetwin/process.go:56.58,58.9 2 1
github.com/kubeedge/kubeedge/edge/pkg/devicetwin/process.go:58.9,60.3 1 1
github.com/kubeedge/kubeedge/edge/pkg/devicetwin/process.go:62.2,63.37 2 1
github.com/kubeedge/kubeedge/edge/pkg/devicetwin/process.go:63.37,66.80 3 1
github.com/kubeedge/kubeedge/edge/pkg/devicetwin/process.go:66.80,69.4 2 1
github.com/kubeedge/kubeedge/edge/pkg/devicetwin/process.go:70.3,70.13 1 1
github.com/kubeedge/kubeedge/edge/pkg/devicetwin/process.go:72.2,72.28 1 1
github.com/kubeedge/kubeedge/edge/pkg/devicetwin/process.go:72.28,74.3 1 1
github.com/kubeedge/kubeedge/edge/pkg/devicetwin/process.go:76.2,76.28 1 0
github.com/kubeedge/kubeedge/edge/pkg/devicetwin/process.go:76.28,78.3 1 0
github.com/kubeedge/kubeedge/edge/pkg/devicetwin/process.go:80.2,80.65 1 0
github.com/kubeedge/kubeedge/edge/pkg/devicetwin/process.go:80.65,83.68 2 0
github.com/kubeedge/kubeedge/edge/pkg/devicetwin/process.go:83.68,85.4 1 0
github.com/kubeedge/kubeedge/edge/pkg/devicetwin/process.go:86.8,90.3 3 0
github.com/kubeedge/kubeedge/edge/pkg/devicetwin/process.go:92.2,92.12 1 0
github.com/kubeedge/kubeedge/edge/pkg/devicetwin/process.go:95.27,108.2 12 1
github.com/kubeedge/kubeedge/edge/pkg/devicetwin/process.go:110.28,127.2 15 0
github.com/kubeedge/kubeedge/edge/pkg/devicetwin/process.go:130.53,133.21 3 1
github.com/kubeedge/kubeedge/edge/pkg/devicetwin/process.go:133.21,136.3 2 1
github.com/kubeedge/kubeedge/edge/pkg/devicetwin/process.go:137.2,137.17 1 1
github.com/kubeedge/kubeedge/edge/pkg/devicetwin/process.go:137.17,140.3 2 1
github.com/kubeedge/kubeedge/edge/pkg/devicetwin/process.go:141.2,141.30 1 1
github.com/kubeedge/kubeedge/edge/pkg/devicetwin/process.go:141.30,143.17 2 1
github.com/kubeedge/kubeedge/edge/pkg/devicetwin/process.go:143.17,144.12 1 1
github.com/kubeedge/kubeedge/edge/pkg/devicetwin/process.go:147.2,147.12 1 1
github.com/kubeedge/kubeedge/edge/pkg/devicetwin/process.go:151.80,154.12 3 1
github.com/kubeedge/kubeedge/edge/pkg/devicetwin/process.go:154.12,157.3 2 1
github.com/kubeedge/kubeedge/edge/pkg/devicetwin/process.go:159.2,163.16 4 1
github.com/kubeedge/kubeedge/edge/pkg/devicetwin/process.go:163.16,166.3 2 1
github.com/kubeedge/kubeedge/edge/pkg/devicetwin/process.go:167.2,167.23 1 1
github.com/kubeedge/kubeedge/edge/pkg/devicetwin/process.go:167.23,169.3 1 1
github.com/kubeedge/kubeedge/edge/pkg/devicetwin/process.go:170.2,173.16 3 1
github.com/kubeedge/kubeedge/edge/pkg/devicetwin/process.go:173.16,176.3 2 1
github.com/kubeedge/kubeedge/edge/pkg/devicetwin/process.go:177.2,181.16 4 1
github.com/kubeedge/kubeedge/edge/pkg/devicetwin/process.go:181.16,184.3 2 1
github.com/kubeedge/kubeedge/edge/pkg/devicetwin/process.go:185.2,197.12 4 1
github.com/kubeedge/kubeedge/edge/pkg/devicetwin/process.go:200.50,201.27 1 1
github.com/kubeedge/kubeedge/edge/pkg/devicetwin/process.go:201.27,203.3 1 1
github.com/kubeedge/kubeedge/edge/pkg/devicetwin/process.go:204.2,207.44 4 1
github.com/kubeedge/kubeedge/edge/pkg/devicetwin/process.go:207.44,211.17 4 1
github.com/kubeedge/kubeedge/edge/pkg/devicetwin/process.go:211.17,213.4 1 1
github.com/kubeedge/kubeedge/edge/pkg/devicetwin/process.go:214.3,218.28 4 1
github.com/kubeedge/kubeedge/edge/pkg/devicetwin/process.go:218.28,219.67 1 1
github.com/kubeedge/kubeedge/edge/pkg/devicetwin/process.go:219.67,221.5 1 1
github.com/kubeedge/kubeedge/edge/pkg/devicetwin/process.go:221.10,221.77 1 1
github.com/kubeedge/kubeedge/edge/pkg/devicetwin/process.go:221.77,223.5 1 1
github.com/kubeedge/kubeedge/edge/pkg/devicetwin/process.go:223.10,225.5 1 1
github.com/kubeedge/kubeedge/edge/pkg/devicetwin/process.go:226.9,230.56 4 1
github.com/kubeedge/kubeedge/edge/pkg/devicetwin/process.go:230.56,232.5 1 1
github.com/kubeedge/kubeedge/edge/pkg/devicetwin/process.go:233.4,237.57 5 1
github.com/kubeedge/kubeedge/edge/pkg/devicetwin/process.go:237.57,239.5 1 1
github.com/kubeedge/kubeedge/edge/pkg/devicetwin/process.go:239.10,241.5 1 0
github.com/kubeedge/kubeedge/edge/pkg/devicetwin/process.go:243.3,247.14 5 1
github.com/kubeedge/kubeedge/edge/pkg/devicetwin/process.go:248.8,248.114 1 1
github.com/kubeedge/kubeedge/edge/pkg/devicetwin/process.go:248.114,249.37 1 1
github.com/kubeedge/kubeedge/edge/pkg/devicetwin/process.go:250.15,251.73 1 0
github.com/kubeedge/kubeedge/edge/pkg/devicetwin/process.go:252.11,254.18 2 1
github.com/kubeedge/kubeedge/edge/pkg/devicetwin/process.go:254.18,256.5 1 0
github.com/kubeedge/kubeedge/edge/pkg/devicetwin/process.go:257.4,257.33 1 1
github.com/kubeedge/kubeedge/edge/pkg/devicetwin/process.go:259.3,259.73 1 1
github.com/kubeedge/kubeedge/edge/pkg/devicetwin/process.go:259.73,262.4 2 1
github.com/kubeedge/kubeedge/edge/pkg/devicetwin/process.go:262.9,262.73 1 1
github.com/kubeedge/kubeedge/edge/pkg/devicetwin/process.go:262.73,265.4 2 1
github.com/kubeedge/kubeedge/edge/pkg/devicetwin/process.go:265.9,265.81 1 1
github.com/kubeedge/kubeedge/edge/pkg/devicetwin/process.go:265.81,270.4 4 1
github.com/kubeedge/kubeedge/edge/pkg/devicetwin/process.go:270.9,270.71 1 1
github.com/kubeedge/kubeedge/edge/pkg/devicetwin/process.go:270.71,272.75 2 1
github.com/kubeedge/kubeedge/edge/pkg/devicetwin/process.go:272.75,275.5 2 1
github.com/kubeedge/kubeedge/edge/pkg/devicetwin/process.go:276.4,276.15 1 1
github.com/kubeedge/kubeedge/edge/pkg/devicetwin/process.go:278.3,278.15 1 1
github.com/kubeedge/kubeedge/edge/pkg/devicetwin/process.go:279.8,279.55 1 1
github.com/kubeedge/kubeedge/edge/pkg/devicetwin/process.go:279.55,280.75 1 1
github.com/kubeedge/kubeedge/edge/pkg/devicetwin/process.go:280.75,283.4 2 1
github.com/kubeedge/kubeedge/edge/pkg/devicetwin/process.go:284.3,284.15 1 1
github.com/kubeedge/kubeedge/edge/pkg/devicetwin/process.go:285.8,285.102 1 0
github.com/kubeedge/kubeedge/edge/pkg/devicetwin/process.go:285.102,286.37 1 0
github.com/kubeedge/kubeedge/edge/pkg/devicetwin/process.go:287.15,288.73 1 0
github.com/kubeedge/kubeedge/edge/pkg/devicetwin/process.go:289.11,291.18 2 0
github.com/kubeedge/kubeedge/edge/pkg/devicetwin/process.go:291.18,293.5 1 0
github.com/kubeedge/kubeedge/edge/pkg/devicetwin/process.go:294.4,294.33 1 0
github.com/kubeedge/kubeedge/edge/pkg/devicetwin/process.go:296.3,297.14 2 0
github.com/kubeedge/kubeedge/edge/pkg/devicetwin/process.go:299.2,299.14 1 0
github.com/kubeedge/kubeedge/edge/pkg/devicetwin/process.go:302.39,304.32 2 1
github.com/kubeedge/kubeedge/edge/pkg/devicetwin/process.go:304.32,307.3 2 1
github.com/kubeedge/kubeedge/edge/pkg/devicetwin/process.go:308.2,308.12 1 1
github.com/kubeedge/kubeedge/edge/pkg/devicetwin/process.go:308.12,309.7 1 1
github.com/kubeedge/kubeedge/edge/pkg/devicetwin/process.go:309.7,310.11 1 1
github.com/kubeedge/kubeedge/edge/pkg/devicetwin/process.go:311.33,313.11 2 0
github.com/kubeedge/kubeedge/edge/pkg/devicetwin/process.go:314.12,314.12 0 1
github.com/kubeedge/kubeedge/edge/pkg/devicetwin/process.go:316.4,316.60 1 1
github.com/kubeedge/kubeedge/edge/pkg/devicetwin/process.go:316.60,319.19 3 0
github.com/kubeedge/kubeedge/edge/pkg/devicetwin/process.go:319.19,321.6 1 0
github.com/kubeedge/kubeedge/edge/pkg/devicetwin/process.go:326.2,326.6 1 1
github.com/kubeedge/kubeedge/edge/pkg/devicetwin/process.go:326.6,327.10 1 1
github.com/kubeedge/kubeedge/edge/pkg/devicetwin/process.go:328.56,330.38 1 0
github.com/kubeedge/kubeedge/edge/pkg/devicetwin/process.go:330.38,332.11 2 0
github.com/kubeedge/kubeedge/edge/pkg/devicetwin/process.go:332.11,334.35 2 0
github.com/kubeedge/kubeedge/edge/pkg/devicetwin/process.go:334.35,337.7 2 0
github.com/kubeedge/kubeedge/edge/pkg/devicetwin/process.go:340.4,340.43 1 0
github.com/kubeedge/kubeedge/edge/pkg/devicetwin/process.go:340.43,342.5 1 0
github.com/kubeedge/kubeedge/edge/pkg/devicetwin/process.go:343.32,344.43 1 0
github.com/kubeedge/kubeedge/edge/pkg/devicetwin/process.go:344.43,346.5 1 0
github.com/kubeedge/kubeedge/edge/pkg/devicetwin/process.go:347.4,348.10 2 0
github.com/kubeedge/kubeedge/edge/pkg/devicetwin/dtcommon/util.go:22.58,23.19 1 1
github.com/kubeedge/kubeedge/edge/pkg/devicetwin/dtcommon/util.go:24.10,26.13 2 1
github.com/kubeedge/kubeedge/edge/pkg/devicetwin/dtcommon/util.go:27.32,28.13 1 1
github.com/kubeedge/kubeedge/edge/pkg/devicetwin/dtcommon/util.go:29.56,31.17 2 1
github.com/kubeedge/kubeedge/edge/pkg/devicetwin/dtcommon/util.go:31.17,33.4 1 1
github.com/kubeedge/kubeedge/edge/pkg/devicetwin/dtcommon/util.go:34.3,34.13 1 1
github.com/kubeedge/kubeedge/edge/pkg/devicetwin/dtcommon/util.go:35.31,37.17 2 1
github.com/kubeedge/kubeedge/edge/pkg/devicetwin/dtcommon/util.go:37.17,39.4 1 1
github.com/kubeedge/kubeedge/edge/pkg/devicetwin/dtcommon/util.go:40.3,40.13 1 1
github.com/kubeedge/kubeedge/edge/pkg/devicetwin/dtcommon/util.go:41.33,42.82 1 1
github.com/kubeedge/kubeedge/edge/pkg/devicetwin/dtcommon/util.go:42.82,44.4 1 1
github.com/kubeedge/kubeedge/edge/pkg/devicetwin/dtcommon/util.go:45.3,45.13 1 1
github.com/kubeedge/kubeedge/edge/pkg/devicetwin/dtcommon/util.go:46.19,47.13 1 1
github.com/kubeedge/kubeedge/edge/pkg/devicetwin/dtcommon/util.go:48.10,49.53 1 1
github.com/kubeedge/kubeedge/edge/pkg/devicetwin/dtcommon/util.go:54.39,58.2 3 1
github.com/kubeedge/kubeedge/edge/pkg/devicetwin/dtcommon/util.go:61.43,65.2 3 1
github.com/kubeedge/kubeedge/edge/pkg/devicetwin/dtcommon/util.go:67.64,68.19 1 1
github.com/kubeedge/kubeedge/edge/pkg/devicetwin/dtcommon/util.go:68.19,70.3 1 1
github.com/kubeedge/kubeedge/edge/pkg/devicetwin/dtcommon/util.go:72.2,73.16 2 1
github.com/kubeedge/kubeedge/edge/pkg/devicetwin/dtcommon/util.go:73.16,76.3 2 1
github.com/kubeedge/kubeedge/edge/pkg/devicetwin/dtcommon/util.go:77.2,79.16 3 1
github.com/kubeedge/kubeedge/edge/pkg/devicetwin/dtcommon/util.go:79.16,82.3 2 0
github.com/kubeedge/kubeedge/edge/pkg/devicetwin/dtcommon/util.go:83.2,83.91 1 1
github.com/kubeedge/kubeedge/edge/pkg/devicetwin/dtcommon/util.go:83.91,85.58 2 1
github.com/kubeedge/kubeedge/edge/pkg/devicetwin/dtcommon/util.go:85.58,87.18 2 1
github.com/kubeedge/kubeedge/edge/pkg/devicetwin/dtcommon/util.go:87.18,89.5 1 1
github.com/kubeedge/kubeedge/edge/pkg/devicetwin/dtcommon/util.go:90.4,90.31 1 0
github.com/kubeedge/kubeedge/edge/pkg/devicetwin/dtcommon/util.go:92.3,92.59 1 0
github.com/kubeedge/kubeedge/edge/pkg/devicetwin/dtcommon/util.go:95.2,96.40 2 1
github.com/kubeedge/kubeedge/edge/pkg/devicetwin/dtcommon/util.go:96.40,98.17 2 1
github.com/kubeedge/kubeedge/edge/pkg/devicetwin/dtcommon/util.go:98.17,100.4 1 1
github.com/kubeedge/kubeedge/edge/pkg/devicetwin/dtcommon/util.go:101.3,101.64 1 1
github.com/kubeedge/kubeedge/edge/pkg/devicetwin/dtcommon/util.go:104.2,106.39 3 1
github.com/kubeedge/kubeedge/edge/pkg/devicetwin/dtcommon/util.go:106.39,108.3 1 0
github.com/kubeedge/kubeedge/edge/pkg/devicetwin/dtcommon/util.go:109.2,114.36 2 1
github.com/kubeedge/kubeedge/edge/pkg/devicetwin/dtcommon/util.go:114.36,115.31 1 1
github.com/kubeedge/kubeedge/edge/pkg/devicetwin/dtcommon/util.go:115.31,117.4 1 0
github.com/kubeedge/kubeedge/edge/pkg/devicetwin/dtcommon/util.go:118.3,119.74 2 1
github.com/kubeedge/kubeedge/edge/pkg/devicetwin/dtcommon/util.go:121.2,121.25 1 1
github.com/kubeedge/kubeedge/edge/pkg/devicetwin/dtcommon/util.go:123.86,124.17 1 1
github.com/kubeedge/kubeedge/edge/pkg/devicetwin/dtcommon/util.go:124.17,126.3 1 1
github.com/kubeedge/kubeedge/edge/pkg/devicetwin/dtcommon/util.go:128.2,130.16 3 1
github.com/kubeedge/kubeedge/edge/pkg/devicetwin/dtcommon/util.go:130.16,132.3 1 1
github.com/kubeedge/kubeedge/edge/pkg/devicetwin/dtcommon/util.go:134.2,136.77 2 1
github.com/kubeedge/kubeedge/edge/pkg/devicetwin/dtcommon/util.go:136.77,138.51 2 1
github.com/kubeedge/kubeedge/edge/pkg/devicetwin/dtcommon/util.go:138.51,140.18 2 1
github.com/kubeedge/kubeedge/edge/pkg/devicetwin/dtcommon/util.go:140.18,142.5 1 1
github.com/kubeedge/kubeedge/edge/pkg/devicetwin/dtcommon/util.go:143.4,143.31 1 1
github.com/kubeedge/kubeedge/edge/pkg/devicetwin/dtcommon/util.go:145.3,145.48 1 1
github.com/kubeedge/kubeedge/edge/pkg/devicetwin/dtcommon/util.go:148.2,148.119 1 1
github.com/kubeedge/kubeedge/edge/pkg/devicetwin/dtcommon/util.go:148.119,150.59 2 0
github.com/kubeedge/kubeedge/edge/pkg/devicetwin/dtcommon/util.go:150.59,152.18 2 0
github.com/kubeedge/kubeedge/edge/pkg/devicetwin/dtcommon/util.go:152.18,154.5 1 0
github.com/kubeedge/kubeedge/edge/pkg/devicetwin/dtcommon/util.go:155.4,155.41 1 0
github.com/kubeedge/kubeedge/edge/pkg/devicetwin/dtcommon/util.go:157.3,157.29 1 0
github.com/kubeedge/kubeedge/edge/pkg/devicetwin/dtcommon/util.go:157.29,159.4 1 0
github.com/kubeedge/kubeedge/edge/pkg/devicetwin/dtcommon/util.go:160.3,160.46 1 0
github.com/kubeedge/kubeedge/edge/pkg/devicetwin/dtcommon/util.go:160.46,162.4 1 0
github.com/kubeedge/kubeedge/edge/pkg/devicetwin/dtcommon/util.go:163.3,163.66 1 0
github.com/kubeedge/kubeedge/edge/pkg/devicetwin/dtcommon/util.go:166.2,166.18 1 1
github.com/kubeedge/kubeedge/edge/pkg/devicetwin/dtcommon/util.go:168.78,170.16 2 1
github.com/kubeedge/kubeedge/edge/pkg/devicetwin/dtcommon/util.go:170.16,173.3 2 0
github.com/kubeedge/kubeedge/edge/pkg/devicetwin/dtcommon/util.go:174.2,176.16 3 1
github.com/kubeedge/kubeedge/edge/pkg/devicetwin/dtcommon/util.go:176.16,179.3 2 0
github.com/kubeedge/kubeedge/edge/pkg/devicetwin/dtcommon/util.go:180.2,182.30 3 1
github.com/kubeedge/kubeedge/edge/pkg/devicetwin/dtcommon/util.go:184.51,185.23 1 1
github.com/kubeedge/kubeedge/edge/pkg/devicetwin/dtcommon/util.go:186.14,189.17 3 1
github.com/kubeedge/kubeedge/edge/pkg/devicetwin/dtcommon/util.go:189.17,192.4 2 0
github.com/kubeedge/kubeedge/edge/pkg/devicetwin/dtcommon/util.go:193.3,193.21 1 1
github.com/kubeedge/kubeedge/edge/pkg/devicetwin/dtcommon/util.go:194.12,197.17 3 1
github.com/kubeedge/kubeedge/edge/pkg/devicetwin/dtcommon/util.go:197.17,200.4 2 0
github.com/kubeedge/kubeedge/edge/pkg/devicetwin/dtcommon/util.go:201.3,201.21 1 1
github.com/kubeedge/kubeedge/edge/pkg/devicetwin/dtcommon/util.go:202.13,205.17 3 1
github.com/kubeedge/kubeedge/edge/pkg/devicetwin/dtcommon/util.go:205.17,208.4 2 0
github.com/kubeedge/kubeedge/edge/pkg/devicetwin/dtcommon/util.go:209.3,209.21 1 1
github.com/kubeedge/kubeedge/edge/pkg/devicetwin/dtcommon/util.go:210.13,213.17 3 1
github.com/kubeedge/kubeedge/edge/pkg/devicetwin/dtcommon/util.go:213.17,216.4 2 0
github.com/kubeedge/kubeedge/edge/pkg/devicetwin/dtcommon/util.go:217.3,217.21 1 1
github.com/kubeedge/kubeedge/edge/pkg/devicetwin/dtcommon/util.go:218.13,221.17 3 1
github.com/kubeedge/kubeedge/edge/pkg/devicetwin/dtcommon/util.go:221.17,224.4 2 0
github.com/kubeedge/kubeedge/edge/pkg/devicetwin/dtcommon/util.go:225.3,225.21 1 1
github.com/kubeedge/kubeedge/edge/pkg/devicetwin/dtcommon/util.go:226.11,229.17 3 1
github.com/kubeedge/kubeedge/edge/pkg/devicetwin/dtcommon/util.go:229.17,232.4 2 0
github.com/kubeedge/kubeedge/edge/pkg/devicetwin/dtcommon/util.go:233.3,233.21 1 1
github.com/kubeedge/kubeedge/edge/pkg/devicetwin/dtcommon/util.go:234.15,237.17 3 1
github.com/kubeedge/kubeedge/edge/pkg/devicetwin/dtcommon/util.go:237.17,240.4 2 0
github.com/kubeedge/kubeedge/edge/pkg/devicetwin/dtcommon/util.go:241.3,241.23 1 1
github.com/kubeedge/kubeedge/edge/pkg/devicetwin/dtcommon/util.go:242.15,245.17 3 1
github.com/kubeedge/kubeedge/edge/pkg/devicetwin/dtcommon/util.go:245.17,248.4 2 0
github.com/kubeedge/kubeedge/edge/pkg/devicetwin/dtcommon/util.go:249.3,249.23 1 1
github.com/kubeedge/kubeedge/edge/pkg/devicetwin/dtcommon/util.go:250.12,253.17 3 1
github.com/kubeedge/kubeedge/edge/pkg/devicetwin/dtcommon/util.go:253.17,256.4 2 0
github.com/kubeedge/kubeedge/edge/pkg/devicetwin/dtcommon/util.go:257.3,257.22 1 1
github.com/kubeedge/kubeedge/edge/pkg/devicetwin/dtcommon/util.go:258.10,259.85 1 1
github.com/kubeedge/kubeedge/edge/pkg/devicetwin/dmiclient/client.go:51.13,56.2 1 1
github.com/kubeedge/kubeedge/edge/pkg/devicetwin/dmiclient/client.go:58.38,59.65 1 1
github.com/kubeedge/kubeedge/edge/pkg/devicetwin/dmiclient/client.go:59.65,61.3 1 1
github.com/kubeedge/kubeedge/edge/pkg/devicetwin/dmiclient/client.go:63.2,64.16 2 1
github.com/kubeedge/kubeedge/edge/pkg/devicetwin/dmiclient/client.go:64.16,67.3 2 0
github.com/kubeedge/kubeedge/edge/pkg/devicetwin/dmiclient/client.go:69.2,77.12 7 1
github.com/kubeedge/kubeedge/edge/pkg/devicetwin/dmiclient/client.go:80.30,81.20 1 1
github.com/kubeedge/kubeedge/edge/pkg/devicetwin/dmiclient/client.go:81.20,83.3 1 1
github.com/kubeedge/kubeedge/edge/pkg/devicetwin/dmiclient/client.go:84.2,84.26 1 1
github.com/kubeedge/kubeedge/edge/pkg/devicetwin/dmiclient/client.go:84.26,86.3 1 1
github.com/kubeedge/kubeedge/edge/pkg/devicetwin/dmiclient/client.go:87.2,87.17 1 1
github.com/kubeedge/kubeedge/edge/pkg/devicetwin/dmiclient/client.go:90.89,92.16 2 1
github.com/kubeedge/kubeedge/edge/pkg/devicetwin/dmiclient/client.go:92.16,94.3 1 0
github.com/kubeedge/kubeedge/edge/pkg/devicetwin/dmiclient/client.go:96.2,98.8 1 1
github.com/kubeedge/kubeedge/edge/pkg/devicetwin/dmiclient/client.go:101.87,106.2 1 1
github.com/kubeedge/kubeedge/edge/pkg/devicetwin/dmiclient/client.go:108.87,110.16 2 1
github.com/kubeedge/kubeedge/edge/pkg/devicetwin/dmiclient/client.go:110.16,112.3 1 0
github.com/kubeedge/kubeedge/edge/pkg/devicetwin/dmiclient/client.go:114.2,116.8 1 1
github.com/kubeedge/kubeedge/edge/pkg/devicetwin/dmiclient/client.go:119.101,121.16 2 1
github.com/kubeedge/kubeedge/edge/pkg/devicetwin/dmiclient/client.go:121.16,123.3 1 0
github.com/kubeedge/kubeedge/edge/pkg/devicetwin/dmiclient/client.go:125.2,127.8 1 1
github.com/kubeedge/kubeedge/edge/pkg/devicetwin/dmiclient/client.go:130.101,132.16 2 1
github.com/kubeedge/kubeedge/edge/pkg/devicetwin/dmiclient/client.go:132.16,134.3 1 0
github.com/kubeedge/kubeedge/edge/pkg/devicetwin/dmiclient/client.go:136.2,138.8 1 1
github.com/kubeedge/kubeedge/edge/pkg/devicetwin/dmiclient/client.go:141.107,146.2 1 1
github.com/kubeedge/kubeedge/edge/pkg/devicetwin/dmiclient/client.go:148.84,152.9 4 1
github.com/kubeedge/kubeedge/edge/pkg/devicetwin/dmiclient/client.go:152.9,154.3 1 1
github.com/kubeedge/kubeedge/edge/pkg/devicetwin/dmiclient/client.go:155.2,155.16 1 1
github.com/kubeedge/kubeedge/edge/pkg/devicetwin/dmiclient/client.go:163.90,165.16 2 1
github.com/kubeedge/kubeedge/edge/pkg/devicetwin/dmiclient/client.go:165.16,171.3 5 1
github.com/kubeedge/kubeedge/edge/pkg/devicetwin/dmiclient/client.go:173.2,177.16 2 1
github.com/kubeedge/kubeedge/edge/pkg/devicetwin/dmiclient/client.go:177.16,180.17 3 1
github.com/kubeedge/kubeedge/edge/pkg/devicetwin/dmiclient/client.go:180.17,182.4 1 0
github.com/kubeedge/kubeedge/edge/pkg/devicetwin/dmiclient/client.go:184.2,187.8 4 1
github.com/kubeedge/kubeedge/edge/pkg/devicetwin/dmiclient/client.go:187.8,189.3 1 0
github.com/kubeedge/kubeedge/edge/pkg/devicetwin/dmiclient/client.go:190.2,192.12 3 1
github.com/kubeedge/kubeedge/edge/pkg/devicetwin/dmiclient/client.go:195.78,197.16 2 1
github.com/kubeedge/kubeedge/edge/pkg/devicetwin/dmiclient/client.go:197.16,199.3 1 1
github.com/kubeedge/kubeedge/edge/pkg/devicetwin/dmiclient/client.go:201.2,202.16 2 1
github.com/kubeedge/kubeedge/edge/pkg/devicetwin/dmiclient/client.go:202.16,204.3 1 0
github.com/kubeedge/kubeedge/edge/pkg/devicetwin/dmiclient/client.go:205.2,205.16 1 1
github.com/kubeedge/kubeedge/edge/pkg/devicetwin/dmiclient/client.go:208.69,212.16 3 1
github.com/kubeedge/kubeedge/edge/pkg/devicetwin/dmiclient/client.go:212.16,214.3 1 1
github.com/kubeedge/kubeedge/edge/pkg/devicetwin/dmiclient/client.go:216.2,219.16 3 1
github.com/kubeedge/kubeedge/edge/pkg/devicetwin/dmiclient/client.go:219.16,221.3 1 0
github.com/kubeedge/kubeedge/edge/pkg/devicetwin/dmiclient/client.go:222.2,223.16 2 1
github.com/kubeedge/kubeedge/edge/pkg/devicetwin/dmiclient/client.go:223.16,225.3 1 1
github.com/kubeedge/kubeedge/edge/pkg/devicetwin/dmiclient/client.go:226.2,226.12 1 1
github.com/kubeedge/kubeedge/edge/pkg/devicetwin/dmiclient/client.go:229.67,233.16 3 1
github.com/kubeedge/kubeedge/edge/pkg/devicetwin/dmiclient/client.go:233.16,235.3 1 1
github.com/kubeedge/kubeedge/edge/pkg/devicetwin/dmiclient/client.go:237.2,240.16 3 1
github.com/kubeedge/kubeedge/edge/pkg/devicetwin/dmiclient/client.go:240.16,242.3 1 0
github.com/kubeedge/kubeedge/edge/pkg/devicetwin/dmiclient/client.go:243.2,244.16 2 1
github.com/kubeedge/kubeedge/edge/pkg/devicetwin/dmiclient/client.go:244.16,246.3 1 1
github.com/kubeedge/kubeedge/edge/pkg/devicetwin/dmiclient/client.go:247.2,247.12 1 1
github.com/kubeedge/kubeedge/edge/pkg/devicetwin/dmiclient/client.go:250.67,254.16 3 1
github.com/kubeedge/kubeedge/edge/pkg/devicetwin/dmiclient/client.go:254.16,256.3 1 1
github.com/kubeedge/kubeedge/edge/pkg/devicetwin/dmiclient/client.go:258.2,261.16 3 1
github.com/kubeedge/kubeedge/edge/pkg/devicetwin/dmiclient/client.go:261.16,263.3 1 0
github.com/kubeedge/kubeedge/edge/pkg/devicetwin/dmiclient/client.go:264.2,265.16 2 1
github.com/kubeedge/kubeedge/edge/pkg/devicetwin/dmiclient/client.go:265.16,267.3 1 1
github.com/kubeedge/kubeedge/edge/pkg/devicetwin/dmiclient/client.go:268.2,268.12 1 1
github.com/kubeedge/kubeedge/edge/pkg/devicetwin/dmiclient/client.go:271.76,274.16 3 1
github.com/kubeedge/kubeedge/edge/pkg/devicetwin/dmiclient/client.go:274.16,276.3 1 1
github.com/kubeedge/kubeedge/edge/pkg/devicetwin/dmiclient/client.go:278.2,281.16 3 1
github.com/kubeedge/kubeedge/edge/pkg/devicetwin/dmiclient/client.go:281.16,283.3 1 0
github.com/kubeedge/kubeedge/edge/pkg/devicetwin/dmiclient/client.go:284.2,285.16 2 1
github.com/kubeedge/kubeedge/edge/pkg/devicetwin/dmiclient/client.go:285.16,287.3 1 1
github.com/kubeedge/kubeedge/edge/pkg/devicetwin/dmiclient/client.go:288.2,288.12 1 1
github.com/kubeedge/kubeedge/edge/pkg/devicetwin/dmiclient/client.go:291.76,294.16 3 1
github.com/kubeedge/kubeedge/edge/pkg/devicetwin/dmiclient/client.go:294.16,296.3 1 1
github.com/kubeedge/kubeedge/edge/pkg/devicetwin/dmiclient/client.go:298.2,301.16 3 1
github.com/kubeedge/kubeedge/edge/pkg/devicetwin/dmiclient/client.go:301.16,303.3 1 0
github.com/kubeedge/kubeedge/edge/pkg/devicetwin/dmiclient/client.go:304.2,305.16 2 1
github.com/kubeedge/kubeedge/edge/pkg/devicetwin/dmiclient/client.go:305.16,307.3 1 1
github.com/kubeedge/kubeedge/edge/pkg/devicetwin/dmiclient/client.go:308.2,308.12 1 1
github.com/kubeedge/kubeedge/edge/pkg/devicetwin/dmiclient/client.go:311.76,314.16 3 1
github.com/kubeedge/kubeedge/edge/pkg/devicetwin/dmiclient/client.go:314.16,316.3 1 1
github.com/kubeedge/kubeedge/edge/pkg/devicetwin/dmiclient/client.go:318.2,321.16 3 1
github.com/kubeedge/kubeedge/edge/pkg/devicetwin/dmiclient/client.go:321.16,323.3 1 0
github.com/kubeedge/kubeedge/edge/pkg/devicetwin/dmiclient/client.go:324.2,325.16 2 1
github.com/kubeedge/kubeedge/edge/pkg/devicetwin/dmiclient/client.go:325.16,327.3 1 1
github.com/kubeedge/kubeedge/edge/pkg/devicetwin/dmiclient/client.go:328.2,328.12 1 1
github.com/kubeedge/kubeedge/edge/pkg/devicetwin/dtcontext/dtcontext.go:36.42,49.2 1 0
github.com/kubeedge/kubeedge/edge/pkg/devicetwin/dtcontext/dtcontext.go:52.73,53.46 1 1
github.com/kubeedge/kubeedge/edge/pkg/devicetwin/dtcontext/dtcontext.go:53.46,56.3 2 1
github.com/kubeedge/kubeedge/edge/pkg/devicetwin/dtcontext/dtcontext.go:57.2,57.52 1 1
github.com/kubeedge/kubeedge/edge/pkg/devicetwin/dtcontext/dtcontext.go:61.76,62.52 1 1
github.com/kubeedge/kubeedge/edge/pkg/devicetwin/dtcontext/dtcontext.go:62.52,65.3 2 1
github.com/kubeedge/kubeedge/edge/pkg/devicetwin/dtcontext/dtcontext.go:65.8,65.59 1 1
github.com/kubeedge/kubeedge/edge/pkg/devicetwin/dtcontext/dtcontext.go:65.59,68.3 2 1
github.com/kubeedge/kubeedge/edge/pkg/devicetwin/dtcontext/dtcontext.go:69.2,69.12 1 1
github.com/kubeedge/kubeedge/edge/pkg/devicetwin/dtcontext/dtcontext.go:73.69,75.17 2 1
github.com/kubeedge/kubeedge/edge/pkg/devicetwin/dtcontext/dtcontext.go:75.17,78.3 2 1
github.com/kubeedge/kubeedge/edge/pkg/devicetwin/dtcontext/dtcontext.go:79.2,80.13 2 1
github.com/kubeedge/kubeedge/edge/pkg/devicetwin/dtcontext/dtcontext.go:80.13,82.3 1 1
github.com/kubeedge/kubeedge/edge/pkg/devicetwin/dtcontext/dtcontext.go:83.2,83.19 1 1
github.com/kubeedge/kubeedge/edge/pkg/devicetwin/dtcontext/dtcontext.go:87.50,89.8 2 1
github.com/kubeedge/kubeedge/edge/pkg/devicetwin/dtcontext/dtcontext.go:89.8,93.3 3 1
github.com/kubeedge/kubeedge/edge/pkg/devicetwin/dtcontext/dtcontext.go:94.2,94.14 1 1
github.com/kubeedge/kubeedge/edge/pkg/devicetwin/dtcontext/dtcontext.go:98.52,100.8 2 1
github.com/kubeedge/kubeedge/edge/pkg/devicetwin/dtcontext/dtcontext.go:100.8,104.3 3 1
github.com/kubeedge/kubeedge/edge/pkg/devicetwin/dtcontext/dtcontext.go:105.2,105.14 1 1
github.com/kubeedge/kubeedge/edge/pkg/devicetwin/dtcontext/dtcontext.go:109.33,111.2 1 0
github.com/kubeedge/kubeedge/edge/pkg/devicetwin/dtcontext/dtcontext.go:114.35,116.2 1 0
github.com/kubeedge/kubeedge/edge/pkg/devicetwin/dtcontext/dtcontext.go:119.59,122.2 2 1
github.com/kubeedge/kubeedge/edge/pkg/devicetwin/dtcontext/dtcontext.go:125.73,127.8 2 1
github.com/kubeedge/kubeedge/edge/pkg/devicetwin/dtcontext/dtcontext.go:127.8,128.55 1 1
github.com/kubeedge/kubeedge/edge/pkg/devicetwin/dtcontext/dtcontext.go:128.55,130.4 1 1
github.com/kubeedge/kubeedge/edge/pkg/devicetwin/dtcontext/dtcontext.go:131.3,131.20 1 1
github.com/kubeedge/kubeedge/edge/pkg/devicetwin/dtcontext/dtcontext.go:133.2,133.19 1 1
github.com/kubeedge/kubeedge/edge/pkg/devicetwin/dtcontext/dtcontext.go:137.101,144.2 2 1
github.com/kubeedge/kubeedge/edge/pkg/devicetwin/dtcontext/dtcontext.go:147.143,152.2 4 1
github.com/kubeedge/kubeedge/edge/pkg/devicetwin/dttype/types.go:49.51,51.2 1 1
github.com/kubeedge/kubeedge/edge/pkg/devicetwin/dttype/types.go:54.37,59.2 2 1
github.com/kubeedge/kubeedge/edge/pkg/devicetwin/dttype/types.go:89.71,90.35 1 1
github.com/kubeedge/kubeedge/edge/pkg/devicetwin/dttype/types.go:90.35,91.39 1 1
github.com/kubeedge/kubeedge/edge/pkg/devicetwin/dttype/types.go:91.39,92.48 1 1
github.com/kubeedge/kubeedge/edge/pkg/devicetwin/dttype/types.go:92.48,93.89 1 1
github.com/kubeedge/kubeedge/edge/pkg/devicetwin/dttype/types.go:93.89,95.6 1 1
github.com/kubeedge/kubeedge/edge/pkg/devicetwin/dttype/types.go:96.5,97.28 2 1
github.com/kubeedge/kubeedge/edge/pkg/devicetwin/dttype/types.go:101.2,101.38 1 1
github.com/kubeedge/kubeedge/edge/pkg/devicetwin/dttype/types.go:101.38,102.42 1 1
github.com/kubeedge/kubeedge/edge/pkg/devicetwin/dttype/types.go:102.42,103.51 1 1
github.com/kubeedge/kubeedge/edge/pkg/devicetwin/dttype/types.go:103.51,104.89 1 1
github.com/kubeedge/kubeedge/edge/pkg/devicetwin/dttype/types.go:104.89,106.6 1 1
github.com/kubeedge/kubeedge/edge/pkg/devicetwin/dttype/types.go:107.5,108.28 2 1
github.com/kubeedge/kubeedge/edge/pkg/devicetwin/dttype/types.go:112.2,113.24 2 1
github.com/kubeedge/kubeedge/edge/pkg/devicetwin/dttype/types.go:156.45,158.2 1 1
github.com/kubeedge/kubeedge/edge/pkg/devicetwin/dttype/types.go:161.44,163.2 1 1
github.com/kubeedge/kubeedge/edge/pkg/devicetwin/dttype/types.go:166.66,168.2 1 1
github.com/kubeedge/kubeedge/edge/pkg/devicetwin/dttype/types.go:171.57,174.16 3 1
github.com/kubeedge/kubeedge/edge/pkg/devicetwin/dttype/types.go:174.16,176.3 1 1
github.com/kubeedge/kubeedge/edge/pkg/devicetwin/dttype/types.go:177.2,179.16 3 1
github.com/kubeedge/kubeedge/edge/pkg/devicetwin/dttype/types.go:179.16,181.3 1 0
github.com/kubeedge/kubeedge/edge/pkg/devicetwin/dttype/types.go:182.2,182.28 1 1
github.com/kubeedge/kubeedge/edge/pkg/devicetwin/dttype/types.go:186.56,189.16 3 1
github.com/kubeedge/kubeedge/edge/pkg/devicetwin/dttype/types.go:189.16,191.3 1 1
github.com/kubeedge/kubeedge/edge/pkg/devicetwin/dttype/types.go:192.2,194.16 3 1
github.com/kubeedge/kubeedge/edge/pkg/devicetwin/dttype/types.go:194.16,196.3 1 0
github.com/kubeedge/kubeedge/edge/pkg/devicetwin/dttype/types.go:197.2,197.28 1 1
github.com/kubeedge/kubeedge/edge/pkg/devicetwin/dttype/types.go:201.67,204.16 3 1
github.com/kubeedge/kubeedge/edge/pkg/devicetwin/dttype/types.go:204.16,206.3 1 1
github.com/kubeedge/kubeedge/edge/pkg/devicetwin/dttype/types.go:207.2,209.17 3 1
github.com/kubeedge/kubeedge/edge/pkg/devicetwin/dttype/types.go:209.17,211.3 1 1
github.com/kubeedge/kubeedge/edge/pkg/devicetwin/dttype/types.go:212.2,212.59 1 1
github.com/kubeedge/kubeedge/edge/pkg/devicetwin/dttype/types.go:222.68,225.16 3 1
github.com/kubeedge/kubeedge/edge/pkg/devicetwin/dttype/types.go:225.16,227.3 1 1
github.com/kubeedge/kubeedge/edge/pkg/devicetwin/dttype/types.go:228.2,228.27 1 1
github.com/kubeedge/kubeedge/edge/pkg/devicetwin/dttype/types.go:250.79,253.16 3 1
github.com/kubeedge/kubeedge/edge/pkg/devicetwin/dttype/types.go:253.16,255.3 1 1
github.com/kubeedge/kubeedge/edge/pkg/devicetwin/dttype/types.go:256.2,256.31 1 1
github.com/kubeedge/kubeedge/edge/pkg/devicetwin/dttype/types.go:260.75,263.16 3 1
github.com/kubeedge/kubeedge/edge/pkg/devicetwin/dttype/types.go:263.16,265.3 1 1
github.com/kubeedge/kubeedge/edge/pkg/devicetwin/dttype/types.go:266.2,266.34 1 1
github.com/kubeedge/kubeedge/edge/pkg/devicetwin/dttype/types.go:266.34,268.3 1 1
github.com/kubeedge/kubeedge/edge/pkg/devicetwin/dttype/types.go:269.2,269.48 1 1
github.com/kubeedge/kubeedge/edge/pkg/devicetwin/dttype/types.go:269.48,271.13 2 1
github.com/kubeedge/kubeedge/edge/pkg/devicetwin/dttype/types.go:271.13,273.4 1 1
github.com/kubeedge/kubeedge/edge/pkg/devicetwin/dttype/types.go:274.3,274.19 1 1
github.com/kubeedge/kubeedge/edge/pkg/devicetwin/dttype/types.go:274.19,275.29 1 1
github.com/kubeedge/kubeedge/edge/pkg/devicetwin/dttype/types.go:275.29,276.36 1 1
github.com/kubeedge/kubeedge/edge/pkg/devicetwin/dttype/types.go:276.36,277.37 1 1
github.com/kubeedge/kubeedge/edge/pkg/devicetwin/dttype/types.go:277.37,279.17 2 1
github.com/kubeedge/kubeedge/edge/pkg/devicetwin/dttype/types.go:279.17,281.8 1 1
github.com/kubeedge/kubeedge/edge/pkg/devicetwin/dttype/types.go:285.4,285.27 1 1
github.com/kubeedge/kubeedge/edge/pkg/devicetwin/dttype/types.go:285.27,286.34 1 1
github.com/kubeedge/kubeedge/edge/pkg/devicetwin/dttype/types.go:286.34,287.35 1 1
github.com/kubeedge/kubeedge/edge/pkg/devicetwin/dttype/types.go:287.35,289.17 2 1
github.com/kubeedge/kubeedge/edge/pkg/devicetwin/dttype/types.go:289.17,291.8 1 1
github.com/kubeedge/kubeedge/edge/pkg/devicetwin/dttype/types.go:297.2,297.31 1 1
github.com/kubeedge/kubeedge/edge/pkg/devicetwin/dttype/types_helper.go:15.75,18.16 3 1
github.com/kubeedge/kubeedge/edge/pkg/devicetwin/dttype/types_helper.go:18.16,20.3 1 1
github.com/kubeedge/kubeedge/edge/pkg/devicetwin/dttype/types_helper.go:21.2,21.31 1 1
github.com/kubeedge/kubeedge/edge/pkg/devicetwin/dttype/types_helper.go:25.75,28.16 3 1
github.com/kubeedge/kubeedge/edge/pkg/devicetwin/dttype/types_helper.go:28.16,30.3 1 1
github.com/kubeedge/kubeedge/edge/pkg/devicetwin/dttype/types_helper.go:31.2,31.31 1 1
github.com/kubeedge/kubeedge/edge/pkg/devicetwin/dttype/types_helper.go:35.65,38.16 3 1
github.com/kubeedge/kubeedge/edge/pkg/devicetwin/dttype/types_helper.go:38.16,40.3 1 1
github.com/kubeedge/kubeedge/edge/pkg/devicetwin/dttype/types_helper.go:41.2,41.18 1 1
github.com/kubeedge/kubeedge/edge/pkg/devicetwin/dttype/types_helper.go:45.79,47.35 2 1
github.com/kubeedge/kubeedge/edge/pkg/devicetwin/dttype/types_helper.go:47.35,53.3 2 1
github.com/kubeedge/kubeedge/edge/pkg/devicetwin/dttype/types_helper.go:54.2,54.17 1 1
github.com/kubeedge/kubeedge/edge/pkg/devicetwin/dttype/types_helper.go:58.79,60.35 2 1
github.com/kubeedge/kubeedge/edge/pkg/devicetwin/dttype/types_helper.go:60.35,73.21 9 1
github.com/kubeedge/kubeedge/edge/pkg/devicetwin/dttype/types_helper.go:73.21,75.31 2 1
github.com/kubeedge/kubeedge/edge/pkg/devicetwin/dttype/types_helper.go:75.31,76.84 1 1
github.com/kubeedge/kubeedge/edge/pkg/devicetwin/dttype/types_helper.go:76.84,79.6 1 0
github.com/kubeedge/kubeedge/edge/pkg/devicetwin/dttype/types_helper.go:80.5,80.43 1 1
github.com/kubeedge/kubeedge/edge/pkg/devicetwin/dttype/types_helper.go:82.4,82.36 1 1
github.com/kubeedge/kubeedge/edge/pkg/devicetwin/dttype/types_helper.go:84.3,84.19 1 1
github.com/kubeedge/kubeedge/edge/pkg/devicetwin/dttype/types_helper.go:84.19,86.29 2 1
github.com/kubeedge/kubeedge/edge/pkg/devicetwin/dttype/types_helper.go:86.29,87.80 1 1
github.com/kubeedge/kubeedge/edge/pkg/devicetwin/dttype/types_helper.go:87.80,90.6 1 0
github.com/kubeedge/kubeedge/edge/pkg/devicetwin/dttype/types_helper.go:91.5,91.39 1 1
github.com/kubeedge/kubeedge/edge/pkg/devicetwin/dttype/types_helper.go:93.4,93.32 1 1
github.com/kubeedge/kubeedge/edge/pkg/devicetwin/dttype/types_helper.go:96.3,96.33 1 1
github.com/kubeedge/kubeedge/edge/pkg/devicetwin/dttype/types_helper.go:96.33,97.89 1 1
github.com/kubeedge/kubeedge/edge/pkg/devicetwin/dttype/types_helper.go:97.89,100.5 1 0
github.com/kubeedge/kubeedge/edge/pkg/devicetwin/dttype/types_helper.go:101.4,101.46 1 1
github.com/kubeedge/kubeedge/edge/pkg/devicetwin/dttype/types_helper.go:103.3,103.31 1 1
github.com/kubeedge/kubeedge/edge/pkg/devicetwin/dttype/types_helper.go:103.31,104.85 1 1
github.com/kubeedge/kubeedge/edge/pkg/devicetwin/dttype/types_helper.go:104.85,107.5 1 0
github.com/kubeedge/kubeedge/edge/pkg/devicetwin/dttype/types_helper.go:108.4,108.42 1 1
github.com/kubeedge/kubeedge/edge/pkg/devicetwin/dttype/types_helper.go:110.3,110.32 1 1
github.com/kubeedge/kubeedge/edge/pkg/devicetwin/dttype/types_helper.go:112.2,112.17 1 1
github.com/kubeedge/kubeedge/edge/pkg/devicetwin/dttype/types_helper.go:116.75,118.29 2 1
github.com/kubeedge/kubeedge/edge/pkg/devicetwin/dttype/types_helper.go:118.29,120.3 1 1
github.com/kubeedge/kubeedge/edge/pkg/devicetwin/dttype/types_helper.go:121.2,122.29 2 1
github.com/kubeedge/kubeedge/edge/pkg/devicetwin/dttype/types_helper.go:122.29,124.3 1 1
github.com/kubeedge/kubeedge/edge/pkg/devicetwin/dttype/types_helper.go:125.2,128.22 1 1
github.com/kubeedge/kubeedge/edge/pkg/devicetwin/dttype/types_helper.go:132.60,135.57 3 1
github.com/kubeedge/kubeedge/edge/pkg/devicetwin/dttype/types_helper.go:135.57,138.3 1 0
github.com/kubeedge/kubeedge/edge/pkg/devicetwin/dttype/types_helper.go:139.2,139.15 1 1
github.com/kubeedge/kubeedge/edge/pkg/devicetwin/dttype/types_helper.go:139.15,142.3 2 1
github.com/kubeedge/kubeedge/edge/pkg/devicetwin/dttype/types_helper.go:143.2,143.15 1 1
github.com/kubeedge/kubeedge/edge/pkg/devicetwin/dttype/types_helper.go:147.44,150.57 3 1
github.com/kubeedge/kubeedge/edge/pkg/devicetwin/dttype/types_helper.go:150.57,153.3 1 0
github.com/kubeedge/kubeedge/edge/pkg/devicetwin/dttype/types_helper.go:154.2,154.15 1 1
github.com/kubeedge/kubeedge/edge/pkg/devicetwin/dttype/types_helper.go:158.75,160.29 2 1
github.com/kubeedge/kubeedge/edge/pkg/devicetwin/dttype/types_helper.go:160.29,162.3 1 1
github.com/kubeedge/kubeedge/edge/pkg/devicetwin/dttype/types_helper.go:163.2,164.29 2 1
github.com/kubeedge/kubeedge/edge/pkg/devicetwin/dttype/types_helper.go:164.29,166.3 1 1
github.com/kubeedge/kubeedge/edge/pkg/devicetwin/dttype/types_helper.go:167.2,170.22 1 1
github.com/kubeedge/kubeedge/edge/pkg/devicetwin/dttype/types_helper.go:180.87,188.16 3 1
github.com/kubeedge/kubeedge/edge/pkg/devicetwin/dttype/types_helper.go:188.16,190.3 1 0
github.com/kubeedge/kubeedge/edge/pkg/devicetwin/dttype/types_helper.go:191.2,191.21 1 1
github.com/kubeedge/kubeedge/edge/pkg/devicetwin/dttype/types_helper.go:201.96,204.16 3 1
github.com/kubeedge/kubeedge/edge/pkg/devicetwin/dttype/types_helper.go:204.16,206.3 1 0
github.com/kubeedge/kubeedge/edge/pkg/devicetwin/dttype/types_helper.go:207.2,207.21 1 1
github.com/kubeedge/kubeedge/edge/pkg/devicetwin/dttype/types_helper.go:217.91,219.28 2 1
github.com/kubeedge/kubeedge/edge/pkg/devicetwin/dttype/types_helper.go:219.28,227.3 1 1
github.com/kubeedge/kubeedge/edge/pkg/devicetwin/dttype/types_helper.go:228.2,229.16 2 1
github.com/kubeedge/kubeedge/edge/pkg/devicetwin/dttype/types_helper.go:229.16,231.3 1 0
github.com/kubeedge/kubeedge/edge/pkg/devicetwin/dttype/types_helper.go:232.2,232.21 1 1
github.com/kubeedge/kubeedge/edge/pkg/devicetwin/dttype/types_helper.go:242.110,244.19 2 1
github.com/kubeedge/kubeedge/edge/pkg/devicetwin/dttype/types_helper.go:244.19,245.27 1 1
github.com/kubeedge/kubeedge/edge/pkg/devicetwin/dttype/types_helper.go:245.27,246.16 1 1
github.com/kubeedge/kubeedge/edge/pkg/devicetwin/dttype/types_helper.go:246.16,248.13 2 1
github.com/kubeedge/kubeedge/edge/pkg/devicetwin/dttype/types_helper.go:250.4,250.88 1 1
github.com/kubeedge/kubeedge/edge/pkg/devicetwin/dttype/types_helper.go:250.88,251.13 1 1
github.com/kubeedge/kubeedge/edge/pkg/devicetwin/dttype/types_helper.go:253.4,257.21 4 1
github.com/kubeedge/kubeedge/edge/pkg/devicetwin/dttype/types_helper.go:259.8,261.3 1 1
github.com/kubeedge/kubeedge/edge/pkg/devicetwin/dttype/types_helper.go:263.2,264.16 2 1
github.com/kubeedge/kubeedge/edge/pkg/devicetwin/dttype/types_helper.go:264.16,266.3 1 0
github.com/kubeedge/kubeedge/edge/pkg/devicetwin/dttype/types_helper.go:267.2,267.21 1 1
github.com/kubeedge/kubeedge/edge/pkg/devicetwin/dttype/types_helper.go:271.55,277.16 3 1
github.com/kubeedge/kubeedge/edge/pkg/devicetwin/dttype/types_helper.go:277.16,279.3 1 0
github.com/kubeedge/kubeedge/edge/pkg/devicetwin/dttype/types_helper.go:280.2,280.25 1 1
github.com/kubeedge/kubeedge/edge/pkg/devicetwin/dttype/types_helper.go:291.67,294.16 3 1
github.com/kubeedge/kubeedge/edge/pkg/devicetwin/dttype/types_helper.go:294.16,296.3 1 0
github.com/kubeedge/kubeedge/edge/pkg/devicetwin/dttype/types_helper.go:297.2,297.18 1 1
github.com/kubeedge/kubeedge/edge/pkg/devicetwin/dttype/types_helper.go:308.94,311.26 3 1
github.com/kubeedge/kubeedge/edge/pkg/devicetwin/dttype/types_helper.go:311.26,312.87 1 1
github.com/kubeedge/kubeedge/edge/pkg/devicetwin/dttype/types_helper.go:312.87,313.12 1 1
github.com/kubeedge/kubeedge/edge/pkg/devicetwin/dttype/types_helper.go:315.3,316.51 2 1
github.com/kubeedge/kubeedge/edge/pkg/devicetwin/dttype/types_helper.go:316.51,318.4 1 1
github.com/kubeedge/kubeedge/edge/pkg/devicetwin/dttype/types_helper.go:319.3,319.26 1 1
github.com/kubeedge/kubeedge/edge/pkg/devicetwin/dttype/types_helper.go:319.26,320.12 1 1
github.com/kubeedge/kubeedge/edge/pkg/devicetwin/dttype/types_helper.go:323.3,323.47 1 1
github.com/kubeedge/kubeedge/edge/pkg/devicetwin/dttype/types_helper.go:323.47,325.4 1 1
github.com/kubeedge/kubeedge/edge/pkg/devicetwin/dttype/types_helper.go:326.3,326.35 1 1
github.com/kubeedge/kubeedge/edge/pkg/devicetwin/dttype/types_helper.go:326.35,328.4 1 1
github.com/kubeedge/kubeedge/edge/pkg/devicetwin/dttype/types_helper.go:329.3,334.20 4 1
github.com/kubeedge/kubeedge/edge/pkg/devicetwin/dttype/types_helper.go:336.2,337.16 2 1
github.com/kubeedge/kubeedge/edge/pkg/devicetwin/dttype/types_helper.go:337.16,339.3 1 0
github.com/kubeedge/kubeedge/edge/pkg/devicetwin/dttype/types_helper.go:340.2,340.20 1 1
github.com/kubeedge/kubeedge/edge/pkg/devicetwin/dttype/types_helper.go:340.20,342.3 1 1
github.com/kubeedge/kubeedge/edge/pkg/devicetwin/dttype/types_helper.go:343.2,343.23 1 1
github.com/kubeedge/kubeedge/edge/pkg/devicetwin/dttype/types_helper.go:347.97,349.16 2 1
github.com/kubeedge/kubeedge/edge/pkg/devicetwin/dttype/types_helper.go:349.16,351.3 1 0
github.com/kubeedge/kubeedge/edge/pkg/devicetwin/dttype/types_helper.go:352.2,352.22 1 1
github.com/kubeedge/kubeedge/edge/pkg/devicetwin/dtmodule/dtmodule.go:19.141,26.17 2 1
github.com/kubeedge/kubeedge/edge/pkg/devicetwin/dtmodule/dtmodule.go:27.26,31.4 1 1
github.com/kubeedge/kubeedge/edge/pkg/devicetwin/dtmodule/dtmodule.go:32.27,36.4 1 1
github.com/kubeedge/kubeedge/edge/pkg/devicetwin/dtmodule/dtmodule.go:37.29,41.4 1 1
github.com/kubeedge/kubeedge/edge/pkg/devicetwin/dtmodule/dtmodule.go:42.27,46.4 1 1
github.com/kubeedge/kubeedge/edge/pkg/devicetwin/dtmodule/dtmodule.go:47.26,58.4 1 1
github.com/kubeedge/kubeedge/edge/pkg/devicetwin/dtmodule/dtmodule.go:63.28,64.15 1 1
github.com/kubeedge/kubeedge/edge/pkg/devicetwin/dtmodule/dtmodule.go:64.15,65.35 1 1
github.com/kubeedge/kubeedge/edge/pkg/devicetwin/dtmodule/dtmodule.go:65.35,67.4 1 1
github.com/kubeedge/kubeedge/edge/pkg/devicetwin/dtmodule/dtmodule.go:69.2,69.19 1 1
github.com/kubeedge/kubeedge/edge/pkg/devicetwin/config/config.go:17.70,18.17 1 0
github.com/kubeedge/kubeedge/edge/pkg/devicetwin/config/config.go:18.17,23.3 1 0
github.com/kubeedge/kubeedge/edge/pkg/devicetwin/config/config.go:26.23,28.2 1 0
github.com/kubeedge/kubeedge/edge/pkg/devicetwin/dmiserver/event_type.go:38.27,40.2 1 0
github.com/kubeedge/kubeedge/edge/pkg/devicetwin/dmiserver/server.go:66.39,67.24 1 0
github.com/kubeedge/kubeedge/edge/pkg/devicetwin/dmiserver/server.go:67.24,69.3 1 0
github.com/kubeedge/kubeedge/edge/pkg/devicetwin/dmiserver/server.go:71.2,71.30 1 0
github.com/kubeedge/kubeedge/edge/pkg/devicetwin/dmiserver/server.go:71.30,74.3 2 0
github.com/kubeedge/kubeedge/edge/pkg/devicetwin/dmiserver/server.go:76.2,78.16 3 0
github.com/kubeedge/kubeedge/edge/pkg/devicetwin/dmiserver/server.go:78.16,81.3 2 0
github.com/kubeedge/kubeedge/edge/pkg/devicetwin/dmiserver/server.go:83.2,85.18 2 0
github.com/kubeedge/kubeedge/edge/pkg/devicetwin/dmiserver/server.go:85.18,87.3 1 0
github.com/kubeedge/kubeedge/edge/pkg/devicetwin/dmiserver/server.go:89.2,93.37 4 0
github.com/kubeedge/kubeedge/edge/pkg/devicetwin/dmiserver/server.go:93.37,95.17 2 0
github.com/kubeedge/kubeedge/edge/pkg/devicetwin/dmiserver/server.go:95.17,97.12 2 0
github.com/kubeedge/kubeedge/edge/pkg/devicetwin/dmiserver/server.go:99.3,100.17 2 0
github.com/kubeedge/kubeedge/edge/pkg/devicetwin/dmiserver/server.go:100.17,102.12 2 0
github.com/kubeedge/kubeedge/edge/pkg/devicetwin/dmiserver/server.go:105.3,105.59 1 0
github.com/kubeedge/kubeedge/edge/pkg/devicetwin/dmiserver/server.go:105.59,106.12 1 0
github.com/kubeedge/kubeedge/edge/pkg/devicetwin/dmiserver/server.go:109.3,110.17 2 0
github.com/kubeedge/kubeedge/edge/pkg/devicetwin/dmiserver/server.go:110.17,112.12 2 0
github.com/kubeedge/kubeedge/edge/pkg/devicetwin/dmiserver/server.go:114.3,115.17 2 0
github.com/kubeedge/kubeedge/edge/pkg/devicetwin/dmiserver/server.go:115.17,117.12 2 0
github.com/kubeedge/kubeedge/edge/pkg/devicetwin/dmiserver/server.go:120.3,121.53 2 0
github.com/kubeedge/kubeedge/edge/pkg/devicetwin/dmiserver/server.go:124.2,125.16 2 0
github.com/kubeedge/kubeedge/edge/pkg/devicetwin/dmiserver/server.go:125.16,128.3 2 0
github.com/kubeedge/kubeedge/edge/pkg/devicetwin/dmiserver/server.go:130.2,133.8 1 0
github.com/kubeedge/kubeedge/edge/pkg/devicetwin/dmiserver/server.go:137.43,138.24 1 0
github.com/kubeedge/kubeedge/edge/pkg/devicetwin/dmiserver/server.go:138.24,140.3 1 0
github.com/kubeedge/kubeedge/edge/pkg/devicetwin/dmiserver/server.go:142.2,142.77 1 0
github.com/kubeedge/kubeedge/edge/pkg/devicetwin/dmiserver/server.go:142.77,143.48 1 0
github.com/kubeedge/kubeedge/edge/pkg/devicetwin/dmiserver/server.go:143.48,145.18 2 0
github.com/kubeedge/kubeedge/edge/pkg/devicetwin/dmiserver/server.go:145.18,148.5 2 0
github.com/kubeedge/kubeedge/edge/pkg/devicetwin/dmiserver/server.go:149.4,149.29 1 0
github.com/kubeedge/kubeedge/edge/pkg/devicetwin/dmiserver/server.go:151.8,153.3 1 0
github.com/kubeedge/kubeedge/edge/pkg/devicetwin/dmiserver/server.go:155.2,155.46 1 0
github.com/kubeedge/kubeedge/edge/pkg/devicetwin/dmiserver/server.go:159.43,160.24 1 0
github.com/kubeedge/kubeedge/edge/pkg/devicetwin/dmiserver/server.go:160.24,162.3 1 0
github.com/kubeedge/kubeedge/edge/pkg/devicetwin/dmiserver/server.go:164.2,164.56 1 0
github.com/kubeedge/kubeedge/edge/pkg/devicetwin/dmiserver/server.go:164.56,166.17 2 0
github.com/kubeedge/kubeedge/edge/pkg/devicetwin/dmiserver/server.go:166.17,169.4 2 0
github.com/kubeedge/kubeedge/edge/pkg/devicetwin/dmiserver/server.go:170.3,170.29 1 0
github.com/kubeedge/kubeedge/edge/pkg/devicetwin/dmiserver/server.go:171.8,173.3 1 0
github.com/kubeedge/kubeedge/edge/pkg/devicetwin/dmiserver/server.go:175.2,175.46 1 0
github.com/kubeedge/kubeedge/edge/pkg/devicetwin/dmiserver/server.go:178.73,188.2 6 0
github.com/kubeedge/kubeedge/edge/pkg/devicetwin/dmiserver/server.go:190.74,200.2 6 0
github.com/kubeedge/kubeedge/edge/pkg/devicetwin/dmiserver/server.go:203.61,214.2 8 0
github.com/kubeedge/kubeedge/edge/pkg/devicetwin/dmiserver/server.go:217.81,223.2 5 0
github.com/kubeedge/kubeedge/edge/pkg/devicetwin/dmiserver/server.go:225.53,228.44 2 0
github.com/kubeedge/kubeedge/edge/pkg/devicetwin/dmiserver/server.go:228.44,230.3 1 0
github.com/kubeedge/kubeedge/edge/pkg/devicetwin/dmiserver/server.go:232.2,232.22 1 0
github.com/kubeedge/kubeedge/edge/pkg/devicetwin/dmiserver/server.go:232.22,234.3 1 0
github.com/kubeedge/kubeedge/edge/pkg/devicetwin/dmiserver/server.go:236.2,237.16 2 0
github.com/kubeedge/kubeedge/edge/pkg/devicetwin/dmiserver/server.go:237.16,239.3 1 0
github.com/kubeedge/kubeedge/edge/pkg/devicetwin/dmiserver/server.go:240.2,241.16 2 0
github.com/kubeedge/kubeedge/edge/pkg/devicetwin/dmiserver/server.go:241.16,243.3 1 0
github.com/kubeedge/kubeedge/edge/pkg/devicetwin/dmiserver/server.go:245.2,254.37 5 0
github.com/kubeedge/kubeedge/edge/pkg/devicetwin/dmiserver/server.go:254.37,256.3 1 0
github.com/kubeedge/kubeedge/edge/pkg/devicetwin/dmiserver/server.go:257.2,257.12 1 0
github.com/kubeedge/kubeedge/edge/pkg/devicetwin/dmiserver/server.go:260.46,262.16 2 0
github.com/kubeedge/kubeedge/edge/pkg/devicetwin/dmiserver/server.go:262.16,265.3 2 0
github.com/kubeedge/kubeedge/edge/pkg/devicetwin/dmiserver/server.go:266.2,273.16 4 0
github.com/kubeedge/kubeedge/edge/pkg/devicetwin/dmiserver/server.go:273.16,276.3 2 0
github.com/kubeedge/kubeedge/edge/pkg/devicetwin/dmiserver/server.go:277.2,278.12 2 0
github.com/kubeedge/kubeedge/edge/pkg/devicetwin/testutil/devicetest.go:27.56,39.16 3 0
github.com/kubeedge/kubeedge/edge/pkg/devicetwin/testutil/devicetest.go:39.16,42.3 2 0
github.com/kubeedge/kubeedge/edge/pkg/devicetwin/testutil/devicetest.go:44.2,44.16 1 0
github.com/kubeedge/kubeedge/edge/pkg/edged/edged.go:103.34,106.16 3 0
github.com/kubeedge/kubeedge/edge/pkg/edged/edged.go:106.16,109.3 2 0
github.com/kubeedge/kubeedge/edge/pkg/edged/edged.go:110.2,110.22 1 0
github.com/kubeedge/kubeedge/edge/pkg/edged/edged.go:113.31,115.2 1 0
github.com/kubeedge/kubeedge/edge/pkg/edged/edged.go:117.32,119.2 1 0
github.com/kubeedge/kubeedge/edge/pkg/edged/edged.go:122.31,124.2 1 0
github.com/kubeedge/kubeedge/edge/pkg/edged/edged.go:126.59,127.70 1 0
github.com/kubeedge/kubeedge/edge/pkg/edged/edged.go:127.70,129.3 1 0
github.com/kubeedge/kubeedge/edge/pkg/edged/edged.go:130.2,133.3 1 0
github.com/kubeedge/kubeedge/edge/pkg/edged/edged.go:136.25,140.12 3 0
github.com/kubeedge/kubeedge/edge/pkg/edged/edged.go:140.12,142.32 2 0
github.com/kubeedge/kubeedge/edge/pkg/edged/edged.go:142.32,146.4 3 0
github.com/kubeedge/kubeedge/edge/pkg/edged/edged.go:147.3,147.16 1 0
github.com/kubeedge/kubeedge/edge/pkg/edged/edged.go:147.16,147.44 1 0
github.com/kubeedge/kubeedge/edge/pkg/edged/edged.go:149.3,150.17 2 0
github.com/kubeedge/kubeedge/edge/pkg/edged/edged.go:150.17,151.72 1 0
github.com/kubeedge/kubeedge/edge/pkg/edged/edged.go:151.72,153.5 1 0
github.com/kubeedge/kubeedge/edge/pkg/edged/edged.go:154.4,154.25 1 0
github.com/kubeedge/kubeedge/edge/pkg/edged/edged.go:158.2,163.9 4 0
github.com/kubeedge/kubeedge/edge/pkg/edged/edged.go:164.31,166.9 2 0
github.com/kubeedge/kubeedge/edge/pkg/edged/edged.go:167.31,169.9 2 0
github.com/kubeedge/kubeedge/edge/pkg/edged/edged.go:170.26,171.30 1 0
github.com/kubeedge/kubeedge/edge/pkg/edged/edged.go:174.2,174.36 1 0
github.com/kubeedge/kubeedge/edge/pkg/edged/edged.go:177.37,183.16 4 0
github.com/kubeedge/kubeedge/edge/pkg/edged/edged.go:183.16,186.3 2 0
github.com/kubeedge/kubeedge/edge/pkg/edged/edged.go:188.2,189.31 2 0
github.com/kubeedge/kubeedge/edge/pkg/edged/edged.go:189.31,190.55 1 0
github.com/kubeedge/kubeedge/edge/pkg/edged/edged.go:190.55,191.12 1 0
github.com/kubeedge/kubeedge/edge/pkg/edged/edged.go:194.3,194.61 1 0
github.com/kubeedge/kubeedge/edge/pkg/edged/edged.go:194.61,196.4 1 0
github.com/kubeedge/kubeedge/edge/pkg/edged/edged.go:199.2,199.24 1 0
github.com/kubeedge/kubeedge/edge/pkg/edged/edged.go:199.24,202.3 2 0
github.com/kubeedge/kubeedge/edge/pkg/edged/edged.go:204.2,204.30 1 0
github.com/kubeedge/kubeedge/edge/pkg/edged/edged.go:204.30,207.17 3 0
github.com/kubeedge/kubeedge/edge/pkg/edged/edged.go:207.17,209.4 1 0
github.com/kubeedge/kubeedge/edge/pkg/edged/edged.go:214.72,217.13 3 0
github.com/kubeedge/kubeedge/edge/pkg/edged/edged.go:217.13,223.3 1 0
github.com/kubeedge/kubeedge/edge/pkg/edged/edged.go:226.2,229.16 4 0
github.com/kubeedge/kubeedge/edge/pkg/edged/edged.go:229.16,232.3 2 0
github.com/kubeedge/kubeedge/edge/pkg/edged/edged.go:233.2,236.101 2 0
github.com/kubeedge/kubeedge/edge/pkg/edged/edged.go:236.101,238.3 1 0
github.com/kubeedge/kubeedge/edge/pkg/edged/edged.go:241.2,247.39 2 0
github.com/kubeedge/kubeedge/edge/pkg/edged/edged.go:247.39,248.79 1 0
github.com/kubeedge/kubeedge/edge/pkg/edged/edged.go:248.79,250.4 1 0
github.com/kubeedge/kubeedge/edge/pkg/edged/edged.go:251.8,253.3 1 0
github.com/kubeedge/kubeedge/edge/pkg/edged/edged.go:256.2,260.16 3 0
github.com/kubeedge/kubeedge/edge/pkg/edged/edged.go:260.16,263.3 2 0
github.com/kubeedge/kubeedge/edge/pkg/edged/edged.go:264.2,280.16 4 0
github.com/kubeedge/kubeedge/edge/pkg/edged/edged.go:283.51,291.6 4 0
github.com/kubeedge/kubeedge/edge/pkg/edged/edged.go:291.6,292.10 1 0
github.com/kubeedge/kubeedge/edge/pkg/edged/edged.go:293.32,295.10 2 0
github.com/kubeedge/kubeedge/edge/pkg/edged/edged.go:296.11,296.11 0 0
github.com/kubeedge/kubeedge/edge/pkg/edged/edged.go:298.3,299.17 2 0
github.com/kubeedge/kubeedge/edge/pkg/edged/edged.go:299.17,301.12 2 0
github.com/kubeedge/kubeedge/edge/pkg/edged/edged.go:304.3,306.17 3 0
github.com/kubeedge/kubeedge/edge/pkg/edged/edged.go:306.17,308.12 2 0
github.com/kubeedge/kubeedge/edge/pkg/edged/edged.go:311.3,312.17 2 0
github.com/kubeedge/kubeedge/edge/pkg/edged/edged.go:312.17,314.12 2 0
github.com/kubeedge/kubeedge/edge/pkg/edged/edged.go:317.3,317.18 1 0
github.com/kubeedge/kubeedge/edge/pkg/edged/edged.go:318.30,319.107 1 0
github.com/kubeedge/kubeedge/edge/pkg/edged/edged.go:319.107,321.19 2 0
github.com/kubeedge/kubeedge/edge/pkg/edged/edged.go:321.19,323.14 2 0
github.com/kubeedge/kubeedge/edge/pkg/edged/edged.go:325.5,325.33 1 0
github.com/kubeedge/kubeedge/edge/pkg/edged/edged.go:326.10,326.117 1 0
github.com/kubeedge/kubeedge/edge/pkg/edged/edged.go:326.117,328.19 2 0
github.com/kubeedge/kubeedge/edge/pkg/edged/edged.go:328.19,330.14 2 0
github.com/kubeedge/kubeedge/edge/pkg/edged/edged.go:332.5,332.33 1 0
github.com/kubeedge/kubeedge/edge/pkg/edged/edged.go:333.10,333.49 1 0
github.com/kubeedge/kubeedge/edge/pkg/edged/edged.go:333.49,335.57 2 0
github.com/kubeedge/kubeedge/edge/pkg/edged/edged.go:335.57,337.37 2 0
github.com/kubeedge/kubeedge/edge/pkg/edged/edged.go:337.37,339.7 1 0
github.com/kubeedge/kubeedge/edge/pkg/edged/edged.go:340.6,340.35 1 0
github.com/kubeedge/kubeedge/edge/pkg/edged/edged.go:341.11,343.6 1 0
github.com/kubeedge/kubeedge/edge/pkg/edged/edged.go:344.5,344.13 1 0
github.com/kubeedge/kubeedge/edge/pkg/edged/edged.go:345.10,347.19 2 0
github.com/kubeedge/kubeedge/edge/pkg/edged/edged.go:347.19,349.14 2 0
github.com/kubeedge/kubeedge/edge/pkg/edged/edged.go:352.40,355.18 3 0
github.com/kubeedge/kubeedge/edge/pkg/edged/edged.go:355.18,357.5 1 0
github.com/kubeedge/kubeedge/edge/pkg/edged/edged.go:357.10,360.5 2 0
github.com/kubeedge/kubeedge/edge/pkg/edged/edged.go:361.11,363.12 2 0
github.com/kubeedge/kubeedge/edge/pkg/edged/edged.go:369.62,374.36 4 0
github.com/kubeedge/kubeedge/edge/pkg/edged/edged.go:374.36,376.3 1 0
github.com/kubeedge/kubeedge/edge/pkg/edged/edged.go:376.8,378.3 1 0
github.com/kubeedge/kubeedge/edge/pkg/edged/edged.go:381.98,384.16 3 0
github.com/kubeedge/kubeedge/edge/pkg/edged/edged.go:384.16,386.3 1 0
github.com/kubeedge/kubeedge/edge/pkg/edged/edged.go:394.2,394.78 1 0
github.com/kubeedge/kubeedge/edge/pkg/edged/edged.go:394.78,399.3 3 0
github.com/kubeedge/kubeedge/edge/pkg/edged/edged.go:401.2,404.43 3 0
github.com/kubeedge/kubeedge/edge/pkg/edged/edged.go:404.43,406.13 2 0
github.com/kubeedge/kubeedge/edge/pkg/edged/edged.go:407.30,409.31 2 0
github.com/kubeedge/kubeedge/edge/pkg/edged/edged.go:410.30,414.18 3 0
github.com/kubeedge/kubeedge/edge/pkg/edged/edged.go:414.18,416.5 1 0
github.com/kubeedge/kubeedge/edge/pkg/edged/edged.go:417.4,417.12 1 0
github.com/kubeedge/kubeedge/edge/pkg/edged/edged.go:417.12,419.5 1 0
github.com/kubeedge/kubeedge/edge/pkg/edged/edged.go:421.4,421.31 1 0
github.com/kubeedge/kubeedge/edge/pkg/edged/edged.go:422.30,424.31 2 0
github.com/kubeedge/kubeedge/edge/pkg/edged/edged.go:426.3,427.26 2 0
github.com/kubeedge/kubeedge/edge/pkg/edged/edged.go:430.2,430.12 1 0
github.com/kubeedge/kubeedge/edge/pkg/edged/edged.go:433.56,434.34 1 0
github.com/kubeedge/kubeedge/edge/pkg/edged/edged.go:434.34,436.3 1 0
github.com/kubeedge/kubeedge/edge/pkg/edged/edged.go:438.2,438.49 1 0
github.com/kubeedge/kubeedge/edge/pkg/edged/edged.go:438.49,440.3 1 0
github.com/kubeedge/kubeedge/edge/pkg/edged/edged.go:442.2,442.39 1 0
github.com/kubeedge/kubeedge/edge/pkg/edged/edged.go:442.39,444.3 1 0
github.com/kubeedge/kubeedge/edge/pkg/edged/edged.go:446.2,458.48 6 0
github.com/kubeedge/kubeedge/edge/pkg/edged/edged.go:461.63,483.16 3 0
github.com/kubeedge/kubeedge/edge/pkg/edged/edged.go:483.16,486.3 2 0
github.com/kubeedge/kubeedge/edge/pkg/edged/edged.go:488.2,499.12 6 0
github.com/kubeedge/kubeedge/edge/pkg/edged/edged.go:502.106,505.16 3 0
github.com/kubeedge/kubeedge/edge/pkg/edged/edged.go:505.16,507.3 1 0
github.com/kubeedge/kubeedge/edge/pkg/edged/edged.go:509.2,510.29 2 0
github.com/kubeedge/kubeedge/edge/pkg/edged/edged.go:510.29,513.17 3 0
github.com/kubeedge/kubeedge/edge/pkg/edged/edged.go:513.17,515.4 1 0
github.com/kubeedge/kubeedge/edge/pkg/edged/edged.go:517.3,517.44 1 0
github.com/kubeedge/kubeedge/edge/pkg/edged/edged.go:517.44,518.88 1 0
github.com/kubeedge/kubeedge/edge/pkg/edged/edged.go:518.88,521.13 3 0
github.com/kubeedge/kubeedge/edge/pkg/edged/edged.go:524.4,524.29 1 0
github.com/kubeedge/kubeedge/edge/pkg/edged/edged.go:528.2,531.12 3 0
github.com/kubeedge/kubeedge/edge/pkg/edged/edged.go:534.109,537.59 3 0
github.com/kubeedge/kubeedge/edge/pkg/edged/edged.go:537.59,539.3 1 0
github.com/kubeedge/kubeedge/edge/pkg/edged/edged.go:541.2,541.31 1 0
github.com/kubeedge/kubeedge/edge/pkg/edged/edged.go:541.31,542.44 1 0
github.com/kubeedge/kubeedge/edge/pkg/edged/edged.go:542.44,544.4 1 0
github.com/kubeedge/kubeedge/edge/pkg/edged/edged.go:546.2,549.12 3 0
github.com/kubeedge/kubeedge/edge/pkg/edged/edged.go:552.78,553.12 1 0
github.com/kubeedge/kubeedge/edge/pkg/edged/edged.go:554.46,555.33 1 0
github.com/kubeedge/kubeedge/edge/pkg/edged/edged.go:556.46,557.33 1 0
github.com/kubeedge/kubeedge/edge/pkg/edged/edged.go:558.57,559.44 1 0
github.com/kubeedge/kubeedge/edge/pkg/edged/edged.go:560.59,561.46 1 0
github.com/kubeedge/kubeedge/edge/pkg/edged/edged.go:563.2,563.17 1 0
github.com/kubeedge/kubeedge/edge/pkg/edged/edged.go:566.67,569.16 3 0
github.com/kubeedge/kubeedge/edge/pkg/edged/edged.go:569.16,572.3 2 0
github.com/kubeedge/kubeedge/edge/pkg/edged/edged.go:574.2,577.16 4 0
github.com/kubeedge/kubeedge/edge/pkg/edged/edged.go:577.16,580.3 2 0
github.com/kubeedge/kubeedge/edge/pkg/edged/edged.go:581.2,582.17 2 0
github.com/kubeedge/kubeedge/edge/pkg/edged/edged.go:585.67,588.16 3 0
github.com/kubeedge/kubeedge/edge/pkg/edged/edged.go:588.16,591.3 2 0
github.com/kubeedge/kubeedge/edge/pkg/edged/edged.go:592.2,595.16 4 0
github.com/kubeedge/kubeedge/edge/pkg/edged/edged.go:595.16,598.3 2 0
github.com/kubeedge/kubeedge/edge/pkg/edged/edged.go:599.2,600.17 2 0
github.com/kubeedge/kubeedge/edge/pkg/edged/edged.go:603.78,606.16 3 0
github.com/kubeedge/kubeedge/edge/pkg/edged/edged.go:606.16,609.3 2 0
github.com/kubeedge/kubeedge/edge/pkg/edged/edged.go:610.2,613.16 4 0
github.com/kubeedge/kubeedge/edge/pkg/edged/edged.go:613.16,616.3 2 0
github.com/kubeedge/kubeedge/edge/pkg/edged/edged.go:617.2,618.17 2 0
github.com/kubeedge/kubeedge/edge/pkg/edged/edged.go:621.80,624.16 3 0
github.com/kubeedge/kubeedge/edge/pkg/edged/edged.go:624.16,627.3 2 0
github.com/kubeedge/kubeedge/edge/pkg/edged/edged.go:628.2,631.16 4 0
github.com/kubeedge/kubeedge/edge/pkg/edged/edged.go:631.16,634.3 2 0
github.com/kubeedge/kubeedge/edge/pkg/edged/edged.go:635.2,636.17 2 0
github.com/kubeedge/kubeedge/edge/pkg/edged/edged.go:639.61,641.2 1 0
github.com/kubeedge/kubeedge/edge/pkg/edged/edged.go:643.69,645.6 2 0
github.com/kubeedge/kubeedge/edge/pkg/edged/edged.go:645.6,647.17 2 0
github.com/kubeedge/kubeedge/edge/pkg/edged/edged.go:647.17,650.12 3 0
github.com/kubeedge/kubeedge/edge/pkg/edged/edged.go:653.3,655.17 3 0
github.com/kubeedge/kubeedge/edge/pkg/edged/edged.go:655.17,657.4 1 0
github.com/kubeedge/kubeedge/edge/pkg/edged/edged.go:659.3,659.34 1 0
github.com/kubeedge/kubeedge/edge/pkg/edged/edged.go:659.34,661.4 1 0
github.com/kubeedge/kubeedge/edge/pkg/edged/edged.go:661.9,663.9 2 0
github.com/kubeedge/kubeedge/edge/pkg/edged/edged.go:665.3,665.36 1 0
github.com/kubeedge/kubeedge/edge/pkg/edged/config/config.go:27.39,28.17 1 0
github.com/kubeedge/kubeedge/edge/pkg/edged/config/config.go:28.17,32.3 1 0
github.com/kubeedge/kubeedge/edge/pkg/edged/config/config.go:35.177,42.104 7 0
github.com/kubeedge/kubeedge/edge/pkg/edged/config/config.go:42.104,44.3 1 0
github.com/kubeedge/kubeedge/edge/pkg/edged/config/config.go:45.2,46.102 2 0
github.com/kubeedge/kubeedge/edge/pkg/edged/config/config.go:46.102,48.3 1 0
github.com/kubeedge/kubeedge/edge/pkg/edged/config/config.go:49.2,50.118 2 0
github.com/kubeedge/kubeedge/edge/pkg/edged/config/config.go:50.118,52.3 1 0
github.com/kubeedge/kubeedge/edge/pkg/edged/config/config.go:53.2,54.96 2 0
github.com/kubeedge/kubeedge/edge/pkg/edged/config/config.go:54.96,56.3 1 0
github.com/kubeedge/kubeedge/edge/pkg/edged/config/config.go:57.2,65.128 9 0
github.com/kubeedge/kubeedge/edge/pkg/edged/config/config.go:65.128,67.3 1 0
github.com/kubeedge/kubeedge/edge/pkg/edged/config/config.go:68.2,68.126 1 0
github.com/kubeedge/kubeedge/edge/pkg/edged/config/config.go:68.126,70.3 1 0
github.com/kubeedge/kubeedge/edge/pkg/edged/config/config.go:71.2,75.98 5 0
github.com/kubeedge/kubeedge/edge/pkg/edged/config/config.go:75.98,77.3 1 0
github.com/kubeedge/kubeedge/edge/pkg/edged/config/config.go:78.2,92.98 15 0
github.com/kubeedge/kubeedge/edge/pkg/edged/config/config.go:92.98,94.3 1 0
github.com/kubeedge/kubeedge/edge/pkg/edged/config/config.go:95.2,95.104 1 0
github.com/kubeedge/kubeedge/edge/pkg/edged/config/config.go:95.104,97.3 1 0
github.com/kubeedge/kubeedge/edge/pkg/edged/config/config.go:98.2,98.94 1 0
github.com/kubeedge/kubeedge/edge/pkg/edged/config/config.go:98.94,100.3 1 0
github.com/kubeedge/kubeedge/edge/pkg/edged/config/config.go:101.2,101.120 1 0
github.com/kubeedge/kubeedge/edge/pkg/edged/config/config.go:101.120,103.3 1 0
github.com/kubeedge/kubeedge/edge/pkg/edged/config/config.go:104.2,104.112 1 0
github.com/kubeedge/kubeedge/edge/pkg/edged/config/config.go:104.112,106.3 1 0
github.com/kubeedge/kubeedge/edge/pkg/edged/config/config.go:107.2,109.110 3 0
github.com/kubeedge/kubeedge/edge/pkg/edged/config/config.go:109.110,111.3 1 0
github.com/kubeedge/kubeedge/edge/pkg/edged/config/config.go:112.2,120.128 9 0
github.com/kubeedge/kubeedge/edge/pkg/edged/config/config.go:120.128,122.3 1 0
github.com/kubeedge/kubeedge/edge/pkg/edged/config/config.go:123.2,124.116 2 0
github.com/kubeedge/kubeedge/edge/pkg/edged/config/config.go:124.116,126.3 1 0
github.com/kubeedge/kubeedge/edge/pkg/edged/config/config.go:127.2,127.116 1 0
github.com/kubeedge/kubeedge/edge/pkg/edged/config/config.go:127.116,129.3 1 0
github.com/kubeedge/kubeedge/edge/pkg/edged/config/config.go:130.2,130.104 1 0
github.com/kubeedge/kubeedge/edge/pkg/edged/config/config.go:130.104,132.3 1 0
github.com/kubeedge/kubeedge/edge/pkg/edged/config/config.go:133.2,134.92 2 0
github.com/kubeedge/kubeedge/edge/pkg/edged/config/config.go:134.92,136.3 1 0
github.com/kubeedge/kubeedge/edge/pkg/edged/config/config.go:137.2,139.114 3 0
github.com/kubeedge/kubeedge/edge/pkg/edged/config/config.go:139.114,141.3 1 0
github.com/kubeedge/kubeedge/edge/pkg/edged/config/config.go:142.2,142.118 1 0
github.com/kubeedge/kubeedge/edge/pkg/edged/config/config.go:142.118,144.3 1 0
github.com/kubeedge/kubeedge/edge/pkg/edged/config/config.go:145.2,145.140 1 0
github.com/kubeedge/kubeedge/edge/pkg/edged/config/config.go:145.140,147.3 1 0
github.com/kubeedge/kubeedge/edge/pkg/edged/config/config.go:148.2,160.116 13 0
github.com/kubeedge/kubeedge/edge/pkg/edged/config/config.go:160.116,162.3 1 0
github.com/kubeedge/kubeedge/edge/pkg/edged/config/config.go:163.2,163.112 1 0
github.com/kubeedge/kubeedge/edge/pkg/edged/config/config.go:163.112,165.3 1 0
github.com/kubeedge/kubeedge/edge/pkg/edged/config/config.go:166.2,170.116 5 0
github.com/kubeedge/kubeedge/edge/pkg/edged/config/config.go:170.116,172.3 1 0
github.com/kubeedge/kubeedge/edge/pkg/edged/config/config.go:173.2,173.118 1 0
github.com/kubeedge/kubeedge/edge/pkg/edged/config/config.go:173.118,175.3 1 0
github.com/kubeedge/kubeedge/edge/pkg/edged/config/config.go:176.2,176.100 1 0
github.com/kubeedge/kubeedge/edge/pkg/edged/config/config.go:176.100,178.3 1 0
github.com/kubeedge/kubeedge/edge/pkg/edged/config/config.go:179.2,181.96 3 0
github.com/kubeedge/kubeedge/edge/pkg/edged/config/config.go:181.96,183.3 1 0
github.com/kubeedge/kubeedge/edge/pkg/edged/config/config.go:184.2,184.130 1 0
github.com/kubeedge/kubeedge/edge/pkg/edged/config/config.go:184.130,186.3 1 0
github.com/kubeedge/kubeedge/edge/pkg/edged/config/config.go:187.2,189.96 3 0
github.com/kubeedge/kubeedge/edge/pkg/edged/config/config.go:189.96,191.3 1 0
github.com/kubeedge/kubeedge/edge/pkg/edged/config/config.go:192.2,192.12 1 0
github.com/kubeedge/kubeedge/edge/pkg/edged/config/config.go:195.116,213.2 15 0
github.com/kubeedge/kubeedge/edge/pkg/edged/kubeclientbridge/clientset_bridge.go:43.78,45.2 1 1
github.com/kubeedge/kubeedge/edge/pkg/edged/kubeclientbridge/clientset_bridge.go:54.53,56.2 1 1
github.com/kubeedge/kubeedge/edge/pkg/edged/kubeclientbridge/clientset_bridge.go:59.62,61.2 1 1
github.com/kubeedge/kubeedge/edge/pkg/edged/kubeclientbridge/clientset_bridge.go:63.77,65.2 1 1
github.com/kubeedge/kubeedge/edge/pkg/edged/kubeclientbridge/typed/storage/v1/storage_client_bridge.go:38.83,40.2 1 1
github.com/kubeedge/kubeedge/edge/pkg/edged/kubeclientbridge/typed/storage/v1/volumeattachment_bridge.go:43.146,45.2 1 1
github.com/kubeedge/kubeedge/edge/pkg/edged/kubeclientbridge/typed/coordination/v1/coordination_client_bridge.go:39.92,42.2 2 0
github.com/kubeedge/kubeedge/edge/pkg/edged/kubeclientbridge/typed/coordination/v1/lease_bridge.go:43.144,45.2 1 0
github.com/kubeedge/kubeedge/edge/pkg/edged/kubeclientbridge/typed/coordination/v1/lease_bridge.go:47.144,49.2 1 0
github.com/kubeedge/kubeedge/edge/pkg/edged/kubeclientbridge/typed/coordination/v1/lease_bridge.go:51.122,53.2 1 0
github.com/kubeedge/kubeedge/edge/pkg/edged/kubeclientbridge/typed/core/v1/configmap_bridge.go:44.122,46.2 1 0
github.com/kubeedge/kubeedge/edge/pkg/edged/kubeclientbridge/typed/core/v1/core_client_bridge.go:39.53,41.2 1 0
github.com/kubeedge/kubeedge/edge/pkg/edged/kubeclientbridge/typed/core/v1/core_client_bridge.go:43.77,45.2 1 0
github.com/kubeedge/kubeedge/edge/pkg/edged/kubeclientbridge/typed/core/v1/core_client_bridge.go:47.103,49.2 1 0
github.com/kubeedge/kubeedge/edge/pkg/edged/kubeclientbridge/typed/core/v1/core_client_bridge.go:51.79,53.2 1 0
github.com/kubeedge/kubeedge/edge/pkg/edged/kubeclientbridge/typed/core/v1/core_client_bridge.go:55.73,57.2 1 0
github.com/kubeedge/kubeedge/edge/pkg/edged/kubeclientbridge/typed/core/v1/core_client_bridge.go:59.89,61.2 1 0
github.com/kubeedge/kubeedge/edge/pkg/edged/kubeclientbridge/typed/core/v1/core_client_bridge.go:63.67,65.2 1 0
github.com/kubeedge/kubeedge/edge/pkg/edged/kubeclientbridge/typed/core/v1/core_client_bridge.go:67.71,69.2 1 0
github.com/kubeedge/kubeedge/edge/pkg/edged/kubeclientbridge/typed/core/v1/event_bridge.go:40.121,42.2 1 0
github.com/kubeedge/kubeedge/edge/pkg/edged/kubeclientbridge/typed/core/v1/event_bridge.go:44.121,46.2 1 0
github.com/kubeedge/kubeedge/edge/pkg/edged/kubeclientbridge/typed/core/v1/event_bridge.go:48.179,50.2 1 0
github.com/kubeedge/kubeedge/edge/pkg/edged/kubeclientbridge/typed/core/v1/event_bridge.go:52.96,54.2 1 0
github.com/kubeedge/kubeedge/edge/pkg/edged/kubeclientbridge/typed/core/v1/event_bridge.go:56.107,58.2 1 0
github.com/kubeedge/kubeedge/edge/pkg/edged/kubeclientbridge/typed/core/v1/event_bridge.go:60.151,62.2 1 0
github.com/kubeedge/kubeedge/edge/pkg/edged/kubeclientbridge/typed/core/v1/event_bridge.go:64.93,66.2 1 0
github.com/kubeedge/kubeedge/edge/pkg/edged/kubeclientbridge/typed/core/v1/event_bridge.go:68.93,70.2 1 0
github.com/kubeedge/kubeedge/edge/pkg/edged/kubeclientbridge/typed/core/v1/event_bridge.go:72.105,74.2 1 0
github.com/kubeedge/kubeedge/edge/pkg/edged/kubeclientbridge/typed/core/v1/node_bridge.go:45.114,47.2 1 0
github.com/kubeedge/kubeedge/edge/pkg/edged/kubeclientbridge/typed/core/v1/node_bridge.go:50.113,52.2 1 0
github.com/kubeedge/kubeedge/edge/pkg/edged/kubeclientbridge/typed/core/v1/node_bridge.go:55.125,57.16 2 0
github.com/kubeedge/kubeedge/edge/pkg/edged/kubeclientbridge/typed/core/v1/node_bridge.go:57.16,59.3 1 0
github.com/kubeedge/kubeedge/edge/pkg/edged/kubeclientbridge/typed/core/v1/node_bridge.go:60.2,60.18 1 0
github.com/kubeedge/kubeedge/edge/pkg/edged/kubeclientbridge/typed/core/v1/node_bridge.go:64.172,66.2 1 0
github.com/kubeedge/kubeedge/edge/pkg/edged/kubeclientbridge/typed/core/v1/persistentvolume_bridge.go:43.143,45.2 1 0
github.com/kubeedge/kubeedge/edge/pkg/edged/kubeclientbridge/typed/core/v1/persistentvolumeclaim_bridge.go:44.153,46.2 1 0
github.com/kubeedge/kubeedge/edge/pkg/edged/kubeclientbridge/typed/core/v1/pod_bridge.go:39.111,41.2 1 0
github.com/kubeedge/kubeedge/edge/pkg/edged/kubeclientbridge/typed/core/v1/pod_bridge.go:43.160,45.2 1 0
github.com/kubeedge/kubeedge/edge/pkg/edged/kubeclientbridge/typed/core/v1/pod_bridge.go:47.94,49.2 1 0
github.com/kubeedge/kubeedge/edge/pkg/edged/kubeclientbridge/typed/core/v1/pod_bridge.go:51.121,53.2 1 0
github.com/kubeedge/kubeedge/edge/pkg/edged/kubeclientbridge/typed/core/v1/secret_bridge.go:44.116,46.2 1 0
github.com/kubeedge/kubeedge/edge/pkg/edged/kubeclientbridge/typed/core/v1/serviceaccount_bridge.go:46.211,48.2 1 0
github.com/kubeedge/kubeedge/edge/pkg/edged/kubeclientbridge/typed/core/v1/serviceaccount_bridge.go:50.104,53.2 2 0
github.com/kubeedge/kubeedge/edge/pkg/edged/kubeclientbridge/typed/core/v1/serviceaccount_bridge.go:55.133,57.2 1 0
github.com/kubeedge/kubeedge/edge/pkg/edgehub/certificate/certmanager.go:37.65,39.2 1 0
github.com/kubeedge/kubeedge/edge/pkg/edgehub/certificate/certmanager.go:61.76,74.2 1 0
github.com/kubeedge/kubeedge/edge/pkg/edgehub/certificate/certmanager.go:77.32,78.43 1 0
github.com/kubeedge/kubeedge/edge/pkg/edgehub/certificate/certmanager.go:78.43,81.40 3 0
github.com/kubeedge/kubeedge/edge/pkg/edgehub/certificate/certmanager.go:81.40,82.69 1 0
github.com/kubeedge/kubeedge/edge/pkg/edgehub/certificate/certmanager.go:85.3,85.33 1 0
github.com/kubeedge/kubeedge/edge/pkg/edgehub/certificate/certmanager.go:87.2,87.27 1 0
github.com/kubeedge/kubeedge/edge/pkg/edgehub/certificate/certmanager.go:87.27,89.3 1 0
github.com/kubeedge/kubeedge/edge/pkg/edgehub/certificate/certmanager.go:93.63,95.16 2 1
github.com/kubeedge/kubeedge/edge/pkg/edgehub/certificate/certmanager.go:95.16,97.3 1 0
github.com/kubeedge/kubeedge/edge/pkg/edgehub/certificate/certmanager.go:98.2,99.16 2 1
github.com/kubeedge/kubeedge/edge/pkg/edgehub/certificate/certmanager.go:99.16,101.3 1 0
github.com/kubeedge/kubeedge/edge/pkg/edgehub/certificate/certmanager.go:102.2,102.89 1 1
github.com/kubeedge/kubeedge/edge/pkg/edgehub/certificate/certmanager.go:102.89,104.3 1 1
github.com/kubeedge/kubeedge/edge/pkg/edgehub/certificate/certmanager.go:105.2,106.19 2 1
github.com/kubeedge/kubeedge/edge/pkg/edgehub/certificate/certmanager.go:110.43,112.16 2 0
github.com/kubeedge/kubeedge/edge/pkg/edgehub/certificate/certmanager.go:112.16,114.3 1 0
github.com/kubeedge/kubeedge/edge/pkg/edgehub/certificate/certmanager.go:117.2,118.16 2 0
github.com/kubeedge/kubeedge/edge/pkg/edgehub/certificate/certmanager.go:118.16,120.3 1 0
github.com/kubeedge/kubeedge/edge/pkg/edgehub/certificate/certmanager.go:123.2,124.16 2 0
github.com/kubeedge/kubeedge/edge/pkg/edgehub/certificate/certmanager.go:124.16,126.3 1 0
github.com/kubeedge/kubeedge/edge/pkg/edgehub/certificate/certmanager.go:127.2,128.16 2 0
github.com/kubeedge/kubeedge/edge/pkg/edgehub/certificate/certmanager.go:128.16,130.3 1 0
github.com/kubeedge/kubeedge/edge/pkg/edgehub/certificate/certmanager.go:132.2,133.55 1 0
github.com/kubeedge/kubeedge/edge/pkg/edgehub/certificate/certmanager.go:133.55,135.3 1 0
github.com/kubeedge/kubeedge/edge/pkg/edgehub/certificate/certmanager.go:136.2,137.54 1 0
github.com/kubeedge/kubeedge/edge/pkg/edgehub/certificate/certmanager.go:137.54,139.3 1 0
github.com/kubeedge/kubeedge/edge/pkg/edgehub/certificate/certmanager.go:140.2,140.12 1 0
github.com/kubeedge/kubeedge/edge/pkg/edgehub/certificate/certmanager.go:144.33,146.25 2 0
github.com/kubeedge/kubeedge/edge/pkg/edgehub/certificate/certmanager.go:146.25,148.17 2 0
github.com/kubeedge/kubeedge/edge/pkg/edgehub/certificate/certmanager.go:148.17,150.4 1 0
github.com/kubeedge/kubeedge/edge/pkg/edgehub/certificate/certmanager.go:151.3,151.65 1 0
github.com/kubeedge/kubeedge/edge/pkg/edgehub/certificate/certmanager.go:151.65,158.4 4 0
github.com/kubeedge/kubeedge/edge/pkg/edgehub/certificate/certmanager.go:160.3,166.73 2 0
github.com/kubeedge/kubeedge/edge/pkg/edgehub/certificate/certmanager.go:166.73,168.75 2 0
github.com/kubeedge/kubeedge/edge/pkg/edgehub/certificate/certmanager.go:168.75,171.5 1 0
github.com/kubeedge/kubeedge/edge/pkg/edgehub/certificate/certmanager.go:177.66,179.16 2 0
github.com/kubeedge/kubeedge/edge/pkg/edgehub/certificate/certmanager.go:179.16,181.3 1 0
github.com/kubeedge/kubeedge/edge/pkg/edgehub/certificate/certmanager.go:182.2,187.22 5 0
github.com/kubeedge/kubeedge/edge/pkg/edgehub/certificate/certmanager.go:191.51,195.16 3 0
[...]
github.com/kubeedge/kubeedge/edge/pkg/taskmanager/v1alpha1/taskexecutor/node_upgrade.go:140.2,140.50 1 0
github.com/kubeedge/kubeedge/edge/pkg/taskmanager/v1alpha1/taskexecutor/node_upgrade.go:140.50,144.3 3 0
github.com/kubeedge/kubeedge/edge/pkg/taskmanager/v1alpha1/taskexecutor/node_upgrade.go:145.2,146.16 2 0
github.com/kubeedge/kubeedge/edge/pkg/taskmanager/v1alpha1/taskexecutor/node_upgrade.go:146.16,148.3 1 0
github.com/kubeedge/kubeedge/edge/pkg/taskmanager/v1alpha1/taskexecutor/node_upgrade.go:149.2,149.14 1 0
github.com/kubeedge/kubeedge/edge/pkg/taskmanager/v1alpha1/taskexecutor/node_upgrade.go:152.102,154.16 2 0
github.com/kubeedge/kubeedge/edge/pkg/taskmanager/v1alpha1/taskexecutor/node_upgrade.go:154.16,156.3 1 0
github.com/kubeedge/kubeedge/edge/pkg/taskmanager/v1alpha1/taskexecutor/node_upgrade.go:157.2,159.16 3 0
github.com/kubeedge/kubeedge/edge/pkg/taskmanager/v1alpha1/taskexecutor/node_upgrade.go:159.16,161.3 1 0
github.com/kubeedge/kubeedge/edge/pkg/taskmanager/v1alpha1/taskexecutor/node_upgrade.go:162.2,162.25 1 0
github.com/kubeedge/kubeedge/edge/pkg/taskmanager/v1alpha1/taskexecutor/node_upgrade.go:165.63,170.44 2 0
github.com/kubeedge/kubeedge/edge/pkg/taskmanager/v1alpha1/taskexecutor/node_upgrade.go:170.44,172.3 1 0
github.com/kubeedge/kubeedge/edge/pkg/taskmanager/v1alpha1/taskexecutor/node_upgrade.go:174.2,179.16 4 0
github.com/kubeedge/kubeedge/edge/pkg/taskmanager/v1alpha1/taskexecutor/node_upgrade.go:179.16,183.3 3 0
github.com/kubeedge/kubeedge/edge/pkg/taskmanager/v1alpha1/taskexecutor/node_upgrade.go:184.2,185.16 2 0
github.com/kubeedge/kubeedge/edge/pkg/taskmanager/v1alpha1/taskexecutor/node_upgrade.go:185.16,188.3 2 0
github.com/kubeedge/kubeedge/edge/pkg/taskmanager/v1alpha1/taskexecutor/node_upgrade.go:189.2,189.8 1 0
github.com/kubeedge/kubeedge/edge/pkg/taskmanager/v1alpha1/taskexecutor/node_upgrade.go:192.102,202.16 6 0
github.com/kubeedge/kubeedge/edge/pkg/taskmanager/v1alpha1/taskexecutor/node_upgrade.go:202.16,204.3 1 0
github.com/kubeedge/kubeedge/edge/pkg/taskmanager/v1alpha1/taskexecutor/node_upgrade.go:205.2,206.12 2 0
github.com/kubeedge/kubeedge/edge/pkg/taskmanager/v1alpha1/taskexecutor/node_upgrade.go:209.72,216.16 5 0
github.com/kubeedge/kubeedge/edge/pkg/taskmanager/v1alpha1/taskexecutor/node_upgrade.go:216.16,218.3 1 0
github.com/kubeedge/kubeedge/edge/pkg/taskmanager/v1alpha1/taskexecutor/node_upgrade.go:219.2,224.16 3 0
github.com/kubeedge/kubeedge/edge/pkg/taskmanager/v1alpha1/taskexecutor/node_upgrade.go:224.16,226.3 1 0
github.com/kubeedge/kubeedge/edge/pkg/taskmanager/v1alpha1/taskexecutor/node_upgrade.go:228.2,228.34 1 0
github.com/kubeedge/kubeedge/edge/pkg/taskmanager/v1alpha1/taskexecutor/node_upgrade.go:228.34,231.17 3 0
github.com/kubeedge/kubeedge/edge/pkg/taskmanager/v1alpha1/taskexecutor/node_upgrade.go:231.17,233.4 1 0
github.com/kubeedge/kubeedge/edge/pkg/taskmanager/v1alpha1/taskexecutor/node_upgrade.go:234.3,234.38 1 0
github.com/kubeedge/kubeedge/edge/pkg/taskmanager/v1alpha1/taskexecutor/node_upgrade.go:234.38,236.4 1 0
github.com/kubeedge/kubeedge/edge/pkg/taskmanager/v1alpha1/taskexecutor/node_upgrade.go:238.2,242.16 5 0
github.com/kubeedge/kubeedge/edge/pkg/taskmanager/v1alpha1/taskexecutor/node_upgrade.go:242.16,244.3 1 0
github.com/kubeedge/kubeedge/edge/pkg/taskmanager/v1alpha1/taskexecutor/node_upgrade.go:245.2,245.12 1 0
github.com/kubeedge/kubeedge/edge/pkg/taskmanager/v1alpha1/taskexecutor/pre_check.go:40.56,48.16 3 0
github.com/kubeedge/kubeedge/edge/pkg/taskmanager/v1alpha1/taskexecutor/pre_check.go:48.16,52.3 3 0
github.com/kubeedge/kubeedge/edge/pkg/taskmanager/v1alpha1/taskexecutor/pre_check.go:53.2,55.16 3 0
github.com/kubeedge/kubeedge/edge/pkg/taskmanager/v1alpha1/taskexecutor/pre_check.go:55.16,59.3 3 0
github.com/kubeedge/kubeedge/edge/pkg/taskmanager/v1alpha1/taskexecutor/pre_check.go:61.2,68.44 4 0
github.com/kubeedge/kubeedge/edge/pkg/taskmanager/v1alpha1/taskexecutor/pre_check.go:68.44,70.10 2 0
github.com/kubeedge/kubeedge/edge/pkg/taskmanager/v1alpha1/taskexecutor/pre_check.go:70.10,72.12 2 0
github.com/kubeedge/kubeedge/edge/pkg/taskmanager/v1alpha1/taskexecutor/pre_check.go:74.3,75.17 2 0
github.com/kubeedge/kubeedge/edge/pkg/taskmanager/v1alpha1/taskexecutor/pre_check.go:75.17,78.12 3 0
github.com/kubeedge/kubeedge/edge/pkg/taskmanager/v1alpha1/taskexecutor/pre_check.go:80.3,80.27 1 0
github.com/kubeedge/kubeedge/edge/pkg/taskmanager/v1alpha1/taskexecutor/pre_check.go:82.2,82.13 1 0
github.com/kubeedge/kubeedge/edge/pkg/taskmanager/v1alpha1/taskexecutor/pre_check.go:82.13,84.3 1 0
github.com/kubeedge/kubeedge/edge/pkg/taskmanager/v1alpha1/taskexecutor/pre_check.go:85.2,87.16 3 0
github.com/kubeedge/kubeedge/edge/pkg/taskmanager/v1alpha1/taskexecutor/pre_check.go:87.16,90.3 2 0
github.com/kubeedge/kubeedge/edge/pkg/taskmanager/v1alpha1/taskexecutor/pre_check.go:91.2,92.14 2 0
github.com/kubeedge/kubeedge/edge/pkg/taskmanager/v1alpha1/taskexecutor/pre_check.go:95.23,97.16 2 0
github.com/kubeedge/kubeedge/edge/pkg/taskmanager/v1alpha1/taskexecutor/pre_check.go:97.16,99.3 1 0
github.com/kubeedge/kubeedge/edge/pkg/taskmanager/v1alpha1/taskexecutor/pre_check.go:100.2,101.34 2 0
github.com/kubeedge/kubeedge/edge/pkg/taskmanager/v1alpha1/taskexecutor/pre_check.go:101.34,103.3 1 0
github.com/kubeedge/kubeedge/edge/pkg/taskmanager/v1alpha1/taskexecutor/pre_check.go:104.2,104.25 1 0
github.com/kubeedge/kubeedge/edge/pkg/taskmanager/v1alpha1/taskexecutor/pre_check.go:104.25,106.3 1 0
github.com/kubeedge/kubeedge/edge/pkg/taskmanager/v1alpha1/taskexecutor/pre_check.go:107.2,107.12 1 0
github.com/kubeedge/kubeedge/edge/pkg/taskmanager/v1alpha1/taskexecutor/pre_check.go:110.23,112.16 2 0
github.com/kubeedge/kubeedge/edge/pkg/taskmanager/v1alpha1/taskexecutor/pre_check.go:112.16,114.3 1 0
github.com/kubeedge/kubeedge/edge/pkg/taskmanager/v1alpha1/taskexecutor/pre_check.go:115.2,116.34 2 0
github.com/kubeedge/kubeedge/edge/pkg/taskmanager/v1alpha1/taskexecutor/pre_check.go:116.34,118.3 1 0
github.com/kubeedge/kubeedge/edge/pkg/taskmanager/v1alpha1/taskexecutor/pre_check.go:119.2,119.12 1 0
github.com/kubeedge/kubeedge/edge/pkg/taskmanager/v1alpha1/taskexecutor/pre_check.go:122.24,124.16 2 0
github.com/kubeedge/kubeedge/edge/pkg/taskmanager/v1alpha1/taskexecutor/pre_check.go:124.16,126.3 1 0
github.com/kubeedge/kubeedge/edge/pkg/taskmanager/v1alpha1/taskexecutor/pre_check.go:127.2,129.34 3 0
github.com/kubeedge/kubeedge/edge/pkg/taskmanager/v1alpha1/taskexecutor/pre_check.go:129.34,131.17 2 0
github.com/kubeedge/kubeedge/edge/pkg/taskmanager/v1alpha1/taskexecutor/pre_check.go:131.17,134.12 3 0
github.com/kubeedge/kubeedge/edge/pkg/taskmanager/v1alpha1/taskexecutor/pre_check.go:136.3,136.39 1 0
github.com/kubeedge/kubeedge/edge/pkg/taskmanager/v1alpha1/taskexecutor/pre_check.go:136.39,139.12 3 0
github.com/kubeedge/kubeedge/edge/pkg/taskmanager/v1alpha1/taskexecutor/pre_check.go:141.3,141.65 1 0
github.com/kubeedge/kubeedge/edge/pkg/taskmanager/v1alpha1/taskexecutor/pre_check.go:143.2,143.13 1 0
github.com/kubeedge/kubeedge/edge/pkg/taskmanager/v1alpha1/taskexecutor/pre_check.go:143.13,145.3 1 0
github.com/kubeedge/kubeedge/edge/pkg/taskmanager/v1alpha1/taskexecutor/pre_check.go:146.2,147.16 2 0
github.com/kubeedge/kubeedge/edge/pkg/taskmanager/v1alpha1/taskexecutor/pre_check.go:147.16,149.3 1 0
github.com/kubeedge/kubeedge/edge/pkg/taskmanager/v1alpha1/taskexecutor/pre_check.go:150.2,150.35 1 0
github.com/kubeedge/kubeedge/edge/pkg/taskmanager/v1alpha1/taskexecutor/pre_check.go:153.50,159.2 1 0
github.com/kubeedge/kubeedge/edge/pkg/taskmanager/v1alpha1/taskexecutor/task_executor.go:29.13,32.2 2 0
github.com/kubeedge/kubeedge/edge/pkg/taskmanager/v1alpha1/taskexecutor/task_executor.go:44.39,46.2 1 0
github.com/kubeedge/kubeedge/edge/pkg/taskmanager/v1alpha1/taskexecutor/task_executor.go:48.107,53.2 1 0
github.com/kubeedge/kubeedge/edge/pkg/taskmanager/v1alpha1/taskexecutor/task_executor.go:55.78,57.9 2 0
github.com/kubeedge/kubeedge/edge/pkg/taskmanager/v1alpha1/taskexecutor/task_executor.go:57.9,61.3 3 0
github.com/kubeedge/kubeedge/edge/pkg/taskmanager/v1alpha1/taskexecutor/task_executor.go:62.2,62.29 1 0
github.com/kubeedge/kubeedge/edge/pkg/taskmanager/v1alpha1/taskexecutor/task_executor.go:73.47,74.34 1 0
github.com/kubeedge/kubeedge/edge/pkg/taskmanager/v1alpha1/taskexecutor/task_executor.go:74.34,76.3 1 0
github.com/kubeedge/kubeedge/edge/pkg/taskmanager/v1alpha1/taskexecutor/task_executor.go:77.2,77.28 1 0
github.com/kubeedge/kubeedge/edge/pkg/taskmanager/v1alpha1/taskexecutor/task_executor.go:80.49,82.9 2 0
github.com/kubeedge/kubeedge/edge/pkg/taskmanager/v1alpha1/taskexecutor/task_executor.go:82.9,84.3 1 0
github.com/kubeedge/kubeedge/edge/pkg/taskmanager/v1alpha1/taskexecutor/task_executor.go:85.2,85.22 1 0
github.com/kubeedge/kubeedge/edge/pkg/taskmanager/v1alpha1/taskexecutor/task_executor.go:88.59,93.2 1 0
github.com/kubeedge/kubeedge/edge/pkg/edgehub/edgehub.go:35.48,37.2 1 1
github.com/kubeedge/kubeedge/edge/pkg/edgehub/edgehub.go:39.48,43.2 3 1
github.com/kubeedge/kubeedge/edge/pkg/edgehub/edgehub.go:45.39,54.2 2 1
github.com/kubeedge/kubeedge/edge/pkg/edgehub/edgehub.go:57.54,64.2 3 1
github.com/kubeedge/kubeedge/edge/pkg/edgehub/edgehub.go:67.34,69.2 1 1
github.com/kubeedge/kubeedge/edge/pkg/edgehub/edgehub.go:72.35,74.2 1 1
github.com/kubeedge/kubeedge/edge/pkg/edgehub/edgehub.go:77.34,79.2 1 1
github.com/kubeedge/kubeedge/edge/pkg/edgehub/edgehub.go:81.62,82.66 1 0
github.com/kubeedge/kubeedge/edge/pkg/edgehub/edgehub.go:82.66,84.3 1 0
github.com/kubeedge/kubeedge/edge/pkg/edgehub/edgehub.go:85.2,88.3 1 0
github.com/kubeedge/kubeedge/edge/pkg/edgehub/edgehub.go:92.28,95.41 3 0
github.com/kubeedge/kubeedge/edge/pkg/edgehub/edgehub.go:95.41,98.3 2 0
github.com/kubeedge/kubeedge/edge/pkg/edgehub/edgehub.go:100.2,102.6 2 0
github.com/kubeedge/kubeedge/edge/pkg/edgehub/edgehub.go:102.6,103.10 1 0
github.com/kubeedge/kubeedge/edge/pkg/edgehub/edgehub.go:104.32,106.10 2 0
github.com/kubeedge/kubeedge/edge/pkg/edgehub/edgehub.go:107.11,107.11 0 0
github.com/kubeedge/kubeedge/edge/pkg/edgehub/edgehub.go:109.3,110.17 2 0
github.com/kubeedge/kubeedge/edge/pkg/edgehub/edgehub.go:110.17,113.4 2 0
github.com/kubeedge/kubeedge/edge/pkg/edgehub/edgehub.go:115.3,118.17 3 0
github.com/kubeedge/kubeedge/edge/pkg/edgehub/edgehub.go:118.17,121.12 3 0
github.com/kubeedge/kubeedge/edge/pkg/edgehub/edgehub.go:124.3,143.7 10 0
github.com/kubeedge/kubeedge/edge/pkg/edgehub/edgehub.go:143.7,144.11 1 0
github.com/kubeedge/kubeedge/edge/pkg/edgehub/edgehub.go:145.28,145.28 0 0
github.com/kubeedge/kubeedge/edge/pkg/edgehub/edgehub.go:146.12,147.16 1 0
github.com/kubeedge/kubeedge/edge/pkg/edgehub/process.go:27.42,29.16 2 0
github.com/kubeedge/kubeedge/edge/pkg/edgehub/process.go:29.16,31.3 1 0
github.com/kubeedge/kubeedge/edge/pkg/edgehub/process.go:33.2,35.12 2 0
github.com/kubeedge/kubeedge/edge/pkg/edgehub/process.go:38.58,40.2 1 1
github.com/kubeedge/kubeedge/edge/pkg/edgehub/process.go:42.34,43.6 1 1
github.com/kubeedge/kubeedge/edge/pkg/edgehub/process.go:43.6,44.10 1 1
github.com/kubeedge/kubeedge/edge/pkg/edgehub/process.go:45.32,47.10 2 0
github.com/kubeedge/kubeedge/edge/pkg/edgehub/process.go:48.11,48.11 0 1
github.com/kubeedge/kubeedge/edge/pkg/edgehub/process.go:50.3,51.17 2 1
github.com/kubeedge/kubeedge/edge/pkg/edgehub/process.go:51.17,55.4 3 1
github.com/kubeedge/kubeedge/edge/pkg/edgehub/process.go:56.3,57.45 2 1
github.com/kubeedge/kubeedge/edge/pkg/edgehub/process.go:57.45,59.4 1 1
github.com/kubeedge/kubeedge/edge/pkg/edgehub/process.go:63.61,68.16 5 1
github.com/kubeedge/kubeedge/edge/pkg/edgehub/process.go:68.16,70.3 1 1
github.com/kubeedge/kubeedge/edge/pkg/edgehub/process.go:72.2,72.12 1 1
github.com/kubeedge/kubeedge/edge/pkg/edgehub/process.go:75.35,76.6 1 1
github.com/kubeedge/kubeedge/edge/pkg/edgehub/process.go:76.6,77.10 1 1
github.com/kubeedge/kubeedge/edge/pkg/edgehub/process.go:78.32,80.10 2 0
github.com/kubeedge/kubeedge/edge/pkg/edgehub/process.go:81.11,81.11 0 1
github.com/kubeedge/kubeedge/edge/pkg/edgehub/process.go:83.3,84.17 2 1
github.com/kubeedge/kubeedge/edge/pkg/edgehub/process.go:84.17,87.12 3 0
github.com/kubeedge/kubeedge/edge/pkg/edgehub/process.go:90.3,91.17 2 1
github.com/kubeedge/kubeedge/edge/pkg/edgehub/process.go:91.17,93.12 2 0
github.com/kubeedge/kubeedge/edge/pkg/edgehub/process.go:97.3,98.17 2 1
github.com/kubeedge/kubeedge/edge/pkg/edgehub/process.go:98.17,102.4 3 1
github.com/kubeedge/kubeedge/edge/pkg/edgehub/process.go:106.32,107.6 1 1
github.com/kubeedge/kubeedge/edge/pkg/edgehub/process.go:107.6,108.10 1 1
github.com/kubeedge/kubeedge/edge/pkg/edgehub/process.go:109.32,111.10 2 0
github.com/kubeedge/kubeedge/edge/pkg/edgehub/process.go:112.11,112.11 0 1
github.com/kubeedge/kubeedge/edge/pkg/edgehub/process.go:114.3,120.17 3 1
github.com/kubeedge/kubeedge/edge/pkg/edgehub/process.go:120.17,124.4 3 1
github.com/kubeedge/kubeedge/edge/pkg/edgehub/process.go:126.3,126.67 1 1
github.com/kubeedge/kubeedge/edge/pkg/edgehub/process.go:132.53,138.18 3 0
github.com/kubeedge/kubeedge/edge/pkg/edgehub/process.go:138.18,140.3 1 0
github.com/kubeedge/kubeedge/edge/pkg/edgehub/process.go:142.2,142.34 1 0
github.com/kubeedge/kubeedge/edge/pkg/edgehub/process.go:142.34,146.3 2 0
github.com/kubeedge/kubeedge/edge/pkg/edgehub/process.go:149.37,150.39 1 0
github.com/kubeedge/kubeedge/edge/pkg/edgehub/process.go:150.39,151.7 1 0
github.com/kubeedge/kubeedge/edge/pkg/edgehub/process.go:151.7,154.4 2 0
github.com/kubeedge/kubeedge/edge/pkg/edgehub/process.go:158.52,162.16 3 1
github.com/kubeedge/kubeedge/edge/pkg/edgehub/process.go:162.16,164.3 1 0
github.com/kubeedge/kubeedge/edge/pkg/edgehub/process.go:166.2,169.35 3 1
github.com/kubeedge/kubeedge/edge/pkg/edgehub/process.go:169.35,171.3 1 0
github.com/kubeedge/kubeedge/edge/pkg/edgehub/process.go:173.2,173.12 1 1
github.com/kubeedge/kubeedge/edge/pkg/edgehub/clients/wsclient/websocket.go:45.65,47.2 1 1
github.com/kubeedge/kubeedge/edge/pkg/edgehub/clients/wsclient/websocket.go:50.42,53.16 3 1
github.com/kubeedge/kubeedge/edge/pkg/edgehub/clients/wsclient/websocket.go:53.16,56.3 2 1
github.com/kubeedge/kubeedge/edge/pkg/edgehub/clients/wsclient/websocket.go:58.2,59.16 2 1
github.com/kubeedge/kubeedge/edge/pkg/edgehub/clients/wsclient/websocket.go:59.16,61.3 1 0
github.com/kubeedge/kubeedge/edge/pkg/edgehub/clients/wsclient/websocket.go:63.2,64.48 2 1
github.com/kubeedge/kubeedge/edge/pkg/edgehub/clients/wsclient/websocket.go:64.48,66.3 1 0
github.com/kubeedge/kubeedge/edge/pkg/edgehub/clients/wsclient/websocket.go:68.2,87.34 7 1
github.com/kubeedge/kubeedge/edge/pkg/edgehub/clients/wsclient/websocket.go:87.34,89.17 2 1
github.com/kubeedge/kubeedge/edge/pkg/edgehub/clients/wsclient/websocket.go:89.17,91.4 1 1
github.com/kubeedge/kubeedge/edge/pkg/edgehub/clients/wsclient/websocket.go:91.9,95.4 3 1
github.com/kubeedge/kubeedge/edge/pkg/edgehub/clients/wsclient/websocket.go:96.3,96.31 1 1
github.com/kubeedge/kubeedge/edge/pkg/edgehub/clients/wsclient/websocket.go:98.2,98.71 1 0
github.com/kubeedge/kubeedge/edge/pkg/edgehub/clients/wsclient/websocket.go:102.38,104.2 1 0
github.com/kubeedge/kubeedge/edge/pkg/edgehub/clients/wsclient/websocket.go:107.63,108.27 1 1
github.com/kubeedge/kubeedge/edge/pkg/edgehub/clients/wsclient/websocket.go:108.27,110.3 1 0
github.com/kubeedge/kubeedge/edge/pkg/edgehub/clients/wsclient/websocket.go:111.2,112.16 2 1
github.com/kubeedge/kubeedge/edge/pkg/edgehub/clients/wsclient/websocket.go:112.16,114.3 1 0
github.com/kubeedge/kubeedge/edge/pkg/edgehub/clients/wsclient/websocket.go:115.2,115.51 1 1
github.com/kubeedge/kubeedge/edge/pkg/edgehub/clients/wsclient/websocket.go:119.62,123.2 3 1
github.com/kubeedge/kubeedge/edge/pkg/edgehub/clients/wsclient/websocket.go:126.55,128.2 1 0
github.com/kubeedge/kubeedge/edge/pkg/taskmanager/hub_connected_hooker.go:38.53,40.43 2 1
github.com/kubeedge/kubeedge/edge/pkg/taskmanager/hub_connected_hooker.go:40.43,43.3 2 1
github.com/kubeedge/kubeedge/edge/pkg/taskmanager/hub_connected_hooker.go:44.2,45.16 2 0
github.com/kubeedge/kubeedge/edge/pkg/taskmanager/hub_connected_hooker.go:45.16,47.3 1 0
github.com/kubeedge/kubeedge/edge/pkg/taskmanager/hub_connected_hooker.go:49.2,51.16 3 0
github.com/kubeedge/kubeedge/edge/pkg/taskmanager/hub_connected_hooker.go:51.16,53.3 1 0
github.com/kubeedge/kubeedge/edge/pkg/taskmanager/hub_connected_hooker.go:54.2,54.37 1 0
github.com/kubeedge/kubeedge/edge/pkg/taskmanager/hub_connected_hooker.go:54.37,56.3 1 0
github.com/kubeedge/kubeedge/edge/pkg/taskmanager/hub_connected_hooker.go:58.2,59.24 2 0
github.com/kubeedge/kubeedge/edge/pkg/taskmanager/hub_connected_hooker.go:60.36,61.66 1 0
github.com/kubeedge/kubeedge/edge/pkg/taskmanager/hub_connected_hooker.go:62.37,63.67 1 0
github.com/kubeedge/kubeedge/edge/pkg/taskmanager/hub_connected_hooker.go:64.10,68.13 2 0
github.com/kubeedge/kubeedge/edge/pkg/taskmanager/hub_connected_hooker.go:70.2,86.61 4 0
github.com/kubeedge/kubeedge/edge/pkg/taskmanager/hub_connected_hooker.go:86.61,88.3 1 0
github.com/kubeedge/kubeedge/edge/pkg/taskmanager/hub_connected_hooker.go:92.2,92.69 1 0
github.com/kubeedge/kubeedge/edge/pkg/taskmanager/hub_connected_hooker.go:92.69,94.17 2 0
github.com/kubeedge/kubeedge/edge/pkg/taskmanager/hub_connected_hooker.go:94.17,96.4 1 0
github.com/kubeedge/kubeedge/edge/pkg/taskmanager/hub_connected_hooker.go:97.3,98.104 1 0
github.com/kubeedge/kubeedge/edge/pkg/taskmanager/hub_connected_hooker.go:99.8,104.45 2 0
github.com/kubeedge/kubeedge/edge/pkg/taskmanager/hub_connected_hooker.go:104.45,106.4 1 0
github.com/kubeedge/kubeedge/edge/pkg/taskmanager/hub_connected_hooker.go:108.2,108.12 1 0
github.com/kubeedge/kubeedge/edge/pkg/taskmanager/task_runner.go:28.19,30.2 1 0
github.com/kubeedge/kubeedge/edge/pkg/taskmanager/task_runner.go:33.40,36.19 3 1
github.com/kubeedge/kubeedge/edge/pkg/taskmanager/task_runner.go:36.19,38.3 1 1
github.com/kubeedge/kubeedge/edge/pkg/taskmanager/task_runner.go:39.2,40.16 2 0
github.com/kubeedge/kubeedge/edge/pkg/taskmanager/task_runner.go:40.16,42.3 1 0
github.com/kubeedge/kubeedge/edge/pkg/taskmanager/task_runner.go:43.2,44.12 2 0
github.com/kubeedge/kubeedge/edge/pkg/taskmanager/taskmanager.go:45.45,53.2 3 0
github.com/kubeedge/kubeedge/edge/pkg/taskmanager/taskmanager.go:55.34,57.2 1 0
github.com/kubeedge/kubeedge/edge/pkg/taskmanager/taskmanager.go:59.35,61.2 1 0
github.com/kubeedge/kubeedge/edge/pkg/taskmanager/taskmanager.go:63.37,65.2 1 0
github.com/kubeedge/kubeedge/edge/pkg/taskmanager/taskmanager.go:67.65,68.66 1 0
github.com/kubeedge/kubeedge/edge/pkg/taskmanager/taskmanager.go:68.66,70.3 1 0
github.com/kubeedge/kubeedge/edge/pkg/taskmanager/taskmanager.go:71.2,74.3 1 0
github.com/kubeedge/kubeedge/edge/pkg/taskmanager/taskmanager.go:77.30,79.6 2 1
github.com/kubeedge/kubeedge/edge/pkg/taskmanager/taskmanager.go:79.6,80.10 1 1
github.com/kubeedge/kubeedge/edge/pkg/taskmanager/taskmanager.go:81.21,83.10 2 0
github.com/kubeedge/kubeedge/edge/pkg/taskmanager/taskmanager.go:84.11,84.11 0 1
github.com/kubeedge/kubeedge/edge/pkg/taskmanager/taskmanager.go:86.3,87.17 2 1
github.com/kubeedge/kubeedge/edge/pkg/taskmanager/taskmanager.go:87.17,90.12 3 0
github.com/kubeedge/kubeedge/edge/pkg/taskmanager/taskmanager.go:92.3,95.54 2 1
github.com/kubeedge/kubeedge/edge/pkg/taskmanager/taskmanager.go:95.54,96.50 1 1
github.com/kubeedge/kubeedge/edge/pkg/taskmanager/taskmanager.go:96.50,98.5 1 0
github.com/kubeedge/kubeedge/edge/pkg/taskmanager/taskmanager.go:99.4,99.12 1 1
github.com/kubeedge/kubeedge/edge/pkg/taskmanager/taskmanager.go:102.3,103.55 2 0
github.com/kubeedge/kubeedge/edge/pkg/taskmanager/taskmanager.go:103.55,105.4 1 0
github.com/kubeedge/kubeedge/edge/pkg/taskmanager/taskmanager.go:105.9,107.4 1 0
github.com/kubeedge/kubeedge/edge/pkg/taskmanager/taskmanager.go:108.3,108.13 1 0
github.com/kubeedge/kubeedge/edge/pkg/taskmanager/taskmanager.go:108.13,109.40 1 0
github.com/kubeedge/kubeedge/edge/pkg/taskmanager/taskmanager.go:109.40,111.5 1 0
